WARN  16:18:38.415 [main DuplicateJsonObjectContextCustomizerFactory.java:78] logDuplicateJsonObjectsWarning - 

Found multiple occurrences of org.json.JSONObject on the class path:

	jar:file:/C:/Users/user/.m2/repository/org/json/json/20180813/json-20180813.jar!/org/json/JSONObject.class
	jar:file:/C:/Users/user/.m2/repository/com/vaadin/external/google/android-json/0.0.20131108.vaadin1/android-json-0.0.20131108.vaadin1.jar!/org/json/JSONObject.class

You may wish to exclude one of them to ensure predictable runtime behavior

INFO  16:18:38.431 [main StartupInfoLogger.java:55] logStarting - Starting PcProtectorApplicationTests on DESKTOP-OMS03 with PID 9796 (started by user in D:\intelij\git_PcProtector_Server)
INFO  16:18:38.431 [main SpringApplication.java:655] logStartupProfileInfo - The following profiles are active: real-db,local
INFO  16:18:39.525 [restartedMain StartupInfoLogger.java:55] logStarting - Starting PcProtectorApplication on DESKTOP-OMS03 with PID 39488 (D:\intelij\git_PcProtector_Server\target\classes started by user in D:\intelij\git_PcProtector_Server)
INFO  16:18:39.526 [restartedMain SpringApplication.java:655] logStartupProfileInfo - The following profiles are active: real-db,local
INFO  16:18:39.708 [main HikariDataSource.java:110] getConnection - HikariPool-1 - Starting...
INFO  16:18:39.762 [main HikariDataSource.java:123] getConnection - HikariPool-1 - Start completed.
INFO  16:18:39.786 [main SchedulerService.java:161] cronJobSch - start : 2020-09-07 00:00:00
INFO  16:18:39.787 [main SchedulerService.java:162] cronJobSch - next_start : 2020-09-14
INFO  16:18:39.788 [main SchedulerService.java:163] cronJobSch - end : 2020-09-07 23:59:59
INFO  16:18:39.788 [main SchedulerService.java:164] cronJobSch - next_end : 2020-09-14
INFO  16:18:39.789 [main SchedulerService.java:165] cronJobSch - now : 2020-09-07 16:18:39
INFO  16:18:39.789 [main SchedulerService.java:166] cronJobSch - dash_start : 2020-09-07
INFO  16:18:39.789 [main SchedulerService.java:167] cronJobSch - dash_end : 2020-09-07
INFO  16:18:39.873 [restartedMain TomcatWebServer.java:92] initialize - Tomcat initialized with port(s): 3000 (https)
INFO  16:18:39.873 [restartedMain DirectJDKLog.java:173] log - Initializing ProtocolHandler ["https-jsse-nio-3000"]
INFO  16:18:39.874 [restartedMain DirectJDKLog.java:173] log - Starting service [Tomcat]
INFO  16:18:39.874 [restartedMain DirectJDKLog.java:173] log - Starting Servlet engine: [Apache Tomcat/9.0.37]
INFO  16:18:39.897 [restartedMain DirectJDKLog.java:173] log - Initializing Spring embedded WebApplicationContext
INFO  16:18:39.897 [restartedMain ServletWebServerApplicationContext.java:284] prepareWebApplicationContext - Root WebApplicationContext: initialization completed in 369 ms
INFO  16:18:40.116 [restartedMain HikariDataSource.java:110] getConnection - HikariPool-3 - Starting...
INFO  16:18:40.118 [restartedMain HikariDataSource.java:123] getConnection - HikariPool-3 - Start completed.
INFO  16:18:40.121 [restartedMain SchedulerService.java:161] cronJobSch - start : 2020-09-07 00:00:00
INFO  16:18:40.121 [restartedMain SchedulerService.java:162] cronJobSch - next_start : 2020-09-14
INFO  16:18:40.121 [restartedMain SchedulerService.java:163] cronJobSch - end : 2020-09-07 23:59:59
INFO  16:18:40.121 [restartedMain SchedulerService.java:164] cronJobSch - next_end : 2020-09-14
INFO  16:18:40.121 [restartedMain SchedulerService.java:165] cronJobSch - now : 2020-09-07 16:18:40
INFO  16:18:40.121 [restartedMain SchedulerService.java:166] cronJobSch - dash_start : 2020-09-07
INFO  16:18:40.122 [restartedMain SchedulerService.java:167] cronJobSch - dash_end : 2020-09-07
INFO  16:18:40.169 [restartedMain DefaultSecurityFilterChain.java:43] <init> - Creating filter chain: any request, [org.springframework.security.web.context.request.async.WebAsyncManagerIntegrationFilter@121624e6, org.springframework.security.web.context.SecurityContextPersistenceFilter@368bd791, org.springframework.security.web.header.HeaderWriterFilter@240a6da9, org.springframework.web.filter.CorsFilter@53d9447c, org.springframework.security.web.authentication.logout.LogoutFilter@5a59aaef, oms.pc_protector.jwt.JwtAuthenticationFilter@3ee18bb7, oms.pc_protector.jwt.JwtAuthorizationFilter@3847b341, org.springframework.security.web.savedrequest.RequestCacheAwareFilter@2847cece, org.springframework.security.web.servletapi.SecurityContextHolderAwareRequestFilter@5f57994a, org.springframework.security.web.authentication.AnonymousAuthenticationFilter@1b5581bb, org.springframework.security.web.session.SessionManagementFilter@242922ab, org.springframework.security.web.access.ExceptionTranslationFilter@5cf84553, org.springframework.security.web.access.intercept.FilterSecurityInterceptor@4b99b735]
INFO  16:18:40.195 [restartedMain ExecutorConfigurationSupport.java:181] initialize - Initializing ExecutorService 'applicationTaskExecutor'
INFO  16:18:40.210 [restartedMain WelcomePageHandlerMapping.java:54] <init> - Adding welcome page: class path resource [static/index.html]
INFO  16:18:40.380 [restartedMain OptionalLiveReloadServer.java:58] startServer - LiveReload server is running on port 35729
INFO  16:18:40.387 [restartedMain ExecutorConfigurationSupport.java:181] initialize - Initializing ExecutorService
INFO  16:18:40.388 [restartedMain DirectJDKLog.java:173] log - Starting ProtocolHandler ["https-jsse-nio-3000"]
INFO  16:18:40.716 [restartedMain TomcatWebServer.java:204] start - Tomcat started on port(s): 3000 (https) with context path ''
INFO  16:18:40.716 [restartedMain StartupInfoLogger.java:61] logStarted - Started PcProtectorApplication in 1.238 seconds (JVM running for 1973.817)
INFO  16:18:40.717 [restartedMain ConditionEvaluationDeltaLoggingListener.java:63] onApplicationEvent - Condition evaluation unchanged
INFO  16:18:41.157 [main DefaultSecurityFilterChain.java:43] <init> - Creating filter chain: any request, [org.springframework.security.web.context.request.async.WebAsyncManagerIntegrationFilter@75eaba95, org.springframework.security.web.context.SecurityContextPersistenceFilter@f245bdd, org.springframework.security.web.header.HeaderWriterFilter@5b733ef7, org.springframework.web.filter.CorsFilter@320be73, org.springframework.security.web.authentication.logout.LogoutFilter@58aa1d72, oms.pc_protector.jwt.JwtAuthenticationFilter@435e416c, oms.pc_protector.jwt.JwtAuthorizationFilter@6af310c7, org.springframework.security.web.savedrequest.RequestCacheAwareFilter@39e53bef, org.springframework.security.web.servletapi.SecurityContextHolderAwareRequestFilter@5d71b500, org.springframework.security.web.authentication.AnonymousAuthenticationFilter@4aed311e, org.springframework.security.web.session.SessionManagementFilter@35145874, org.springframework.security.web.access.ExceptionTranslationFilter@3a3b10f4, org.springframework.security.web.access.intercept.FilterSecurityInterceptor@4b9dbf07]
INFO  16:18:41.395 [main ExecutorConfigurationSupport.java:181] initialize - Initializing ExecutorService 'applicationTaskExecutor'
INFO  16:18:41.476 [main WelcomePageHandlerMapping.java:54] <init> - Adding welcome page: class path resource [static/index.html]
INFO  16:18:41.637 [main ExecutorConfigurationSupport.java:181] initialize - Initializing ExecutorService
INFO  16:18:41.643 [main StartupInfoLogger.java:61] logStarted - Started PcProtectorApplicationTests in 3.547 seconds (JVM running for 4.24)
INFO  16:18:41.909 [SpringContextShutdownHook ExecutorConfigurationSupport.java:218] shutdown - Shutting down ExecutorService 'applicationTaskExecutor'
INFO  16:18:41.911 [SpringContextShutdownHook HikariDataSource.java:350] close - HikariPool-1 - Shutdown initiated...
INFO  16:18:41.917 [SpringContextShutdownHook HikariDataSource.java:352] close - HikariPool-1 - Shutdown completed.
INFO  16:41:32.267 [Thread-13 ExecutorConfigurationSupport.java:218] shutdown - Shutting down ExecutorService 'applicationTaskExecutor'
INFO  16:41:32.268 [Thread-13 HikariDataSource.java:350] close - HikariPool-3 - Shutdown initiated...
INFO  16:41:32.273 [Thread-13 HikariDataSource.java:352] close - HikariPool-3 - Shutdown completed.
WARN  16:51:49.518 [main DuplicateJsonObjectContextCustomizerFactory.java:78] logDuplicateJsonObjectsWarning - 

Found multiple occurrences of org.json.JSONObject on the class path:

	jar:file:/C:/Users/user/.m2/repository/org/json/json/20180813/json-20180813.jar!/org/json/JSONObject.class
	jar:file:/C:/Users/user/.m2/repository/com/vaadin/external/google/android-json/0.0.20131108.vaadin1/android-json-0.0.20131108.vaadin1.jar!/org/json/JSONObject.class

You may wish to exclude one of them to ensure predictable runtime behavior

INFO  16:51:49.531 [main StartupInfoLogger.java:55] logStarting - Starting PcProtectorApplicationTests on DESKTOP-OMS03 with PID 20360 (started by user in D:\intelij\git_PcProtector_Server)
INFO  16:51:49.531 [main SpringApplication.java:655] logStartupProfileInfo - The following profiles are active: real-db,local
INFO  16:51:50.105 [restartedMain StartupInfoLogger.java:55] logStarting - Starting PcProtectorApplication on DESKTOP-OMS03 with PID 39488 (D:\intelij\git_PcProtector_Server\target\classes started by user in D:\intelij\git_PcProtector_Server)
INFO  16:51:50.105 [restartedMain SpringApplication.java:655] logStartupProfileInfo - The following profiles are active: real-db,local
INFO  16:51:50.454 [restartedMain TomcatWebServer.java:92] initialize - Tomcat initialized with port(s): 3000 (https)
INFO  16:51:50.454 [restartedMain DirectJDKLog.java:173] log - Initializing ProtocolHandler ["https-jsse-nio-3000"]
INFO  16:51:50.454 [restartedMain DirectJDKLog.java:173] log - Starting service [Tomcat]
INFO  16:51:50.455 [restartedMain DirectJDKLog.java:173] log - Starting Servlet engine: [Apache Tomcat/9.0.37]
INFO  16:51:50.475 [restartedMain DirectJDKLog.java:173] log - Initializing Spring embedded WebApplicationContext
INFO  16:51:50.476 [restartedMain ServletWebServerApplicationContext.java:284] prepareWebApplicationContext - Root WebApplicationContext: initialization completed in 369 ms
INFO  16:51:50.658 [restartedMain HikariDataSource.java:110] getConnection - HikariPool-5 - Starting...
INFO  16:51:50.660 [restartedMain HikariDataSource.java:123] getConnection - HikariPool-5 - Start completed.
INFO  16:51:50.664 [restartedMain SchedulerService.java:161] cronJobSch - start : 2020-09-07 00:00:00
INFO  16:51:50.664 [restartedMain SchedulerService.java:162] cronJobSch - next_start : 2020-09-14
INFO  16:51:50.664 [restartedMain SchedulerService.java:163] cronJobSch - end : 2020-09-07 23:59:59
INFO  16:51:50.664 [restartedMain SchedulerService.java:164] cronJobSch - next_end : 2020-09-14
INFO  16:51:50.664 [restartedMain SchedulerService.java:165] cronJobSch - now : 2020-09-07 16:51:50
INFO  16:51:50.664 [restartedMain SchedulerService.java:166] cronJobSch - dash_start : 2020-09-07
INFO  16:51:50.665 [restartedMain SchedulerService.java:167] cronJobSch - dash_end : 2020-09-07
INFO  16:51:50.720 [restartedMain DefaultSecurityFilterChain.java:43] <init> - Creating filter chain: any request, [org.springframework.security.web.context.request.async.WebAsyncManagerIntegrationFilter@6db6159c, org.springframework.security.web.context.SecurityContextPersistenceFilter@16cea86e, org.springframework.security.web.header.HeaderWriterFilter@763f2d1, org.springframework.web.filter.CorsFilter@116c2b2, org.springframework.security.web.authentication.logout.LogoutFilter@f95e5fe, oms.pc_protector.jwt.JwtAuthenticationFilter@71148eb2, oms.pc_protector.jwt.JwtAuthorizationFilter@a254035, org.springframework.security.web.savedrequest.RequestCacheAwareFilter@38d4e7c5, org.springframework.security.web.servletapi.SecurityContextHolderAwareRequestFilter@20397f74, org.springframework.security.web.authentication.AnonymousAuthenticationFilter@57e2be18, org.springframework.security.web.session.SessionManagementFilter@5c928ec, org.springframework.security.web.access.ExceptionTranslationFilter@4bbcb11b, org.springframework.security.web.access.intercept.FilterSecurityInterceptor@5f72af]
INFO  16:51:50.750 [restartedMain ExecutorConfigurationSupport.java:181] initialize - Initializing ExecutorService 'applicationTaskExecutor'
INFO  16:51:50.766 [restartedMain WelcomePageHandlerMapping.java:54] <init> - Adding welcome page: class path resource [static/index.html]
INFO  16:51:50.868 [main HikariDataSource.java:110] getConnection - HikariPool-1 - Starting...
INFO  16:51:50.918 [main HikariDataSource.java:123] getConnection - HikariPool-1 - Start completed.
INFO  16:51:50.941 [main SchedulerService.java:161] cronJobSch - start : 2020-09-07 00:00:00
INFO  16:51:50.941 [main SchedulerService.java:162] cronJobSch - next_start : 2020-09-14
INFO  16:51:50.941 [main SchedulerService.java:163] cronJobSch - end : 2020-09-07 23:59:59
INFO  16:51:50.942 [main SchedulerService.java:164] cronJobSch - next_end : 2020-09-14
INFO  16:51:50.942 [main SchedulerService.java:165] cronJobSch - now : 2020-09-07 16:51:50
INFO  16:51:50.942 [main SchedulerService.java:166] cronJobSch - dash_start : 2020-09-07
INFO  16:51:50.942 [main SchedulerService.java:167] cronJobSch - dash_end : 2020-09-07
INFO  16:51:50.950 [restartedMain OptionalLiveReloadServer.java:58] startServer - LiveReload server is running on port 35729
INFO  16:51:50.961 [restartedMain ExecutorConfigurationSupport.java:181] initialize - Initializing ExecutorService
INFO  16:51:50.962 [restartedMain DirectJDKLog.java:173] log - Starting ProtocolHandler ["https-jsse-nio-3000"]
INFO  16:51:51.288 [restartedMain TomcatWebServer.java:204] start - Tomcat started on port(s): 3000 (https) with context path ''
INFO  16:51:51.289 [restartedMain StartupInfoLogger.java:61] logStarted - Started PcProtectorApplication in 1.217 seconds (JVM running for 3964.388)
INFO  16:51:51.289 [restartedMain ConditionEvaluationDeltaLoggingListener.java:63] onApplicationEvent - Condition evaluation unchanged
INFO  16:51:52.237 [main DefaultSecurityFilterChain.java:43] <init> - Creating filter chain: any request, [org.springframework.security.web.context.request.async.WebAsyncManagerIntegrationFilter@49cb3881, org.springframework.security.web.context.SecurityContextPersistenceFilter@764fffa0, org.springframework.security.web.header.HeaderWriterFilter@42fc4ac4, org.springframework.web.filter.CorsFilter@1a14fdf0, org.springframework.security.web.authentication.logout.LogoutFilter@361cd35c, oms.pc_protector.jwt.JwtAuthenticationFilter@284bdeed, oms.pc_protector.jwt.JwtAuthorizationFilter@58b311ba, org.springframework.security.web.savedrequest.RequestCacheAwareFilter@11df2829, org.springframework.security.web.servletapi.SecurityContextHolderAwareRequestFilter@4b03cbad, org.springframework.security.web.authentication.AnonymousAuthenticationFilter@482c351d, org.springframework.security.web.session.SessionManagementFilter@491f8831, org.springframework.security.web.access.ExceptionTranslationFilter@5d9618f2, org.springframework.security.web.access.intercept.FilterSecurityInterceptor@411fa0ce]
INFO  16:51:52.485 [main ExecutorConfigurationSupport.java:181] initialize - Initializing ExecutorService 'applicationTaskExecutor'
INFO  16:51:52.568 [main WelcomePageHandlerMapping.java:54] <init> - Adding welcome page: class path resource [static/index.html]
INFO  16:51:52.745 [main ExecutorConfigurationSupport.java:181] initialize - Initializing ExecutorService
INFO  16:51:52.751 [main StartupInfoLogger.java:61] logStarted - Started PcProtectorApplicationTests in 3.559 seconds (JVM running for 4.256)
INFO  16:51:53.009 [SpringContextShutdownHook ExecutorConfigurationSupport.java:218] shutdown - Shutting down ExecutorService 'applicationTaskExecutor'
INFO  16:51:53.011 [SpringContextShutdownHook HikariDataSource.java:350] close - HikariPool-1 - Shutdown initiated...
INFO  16:51:53.022 [SpringContextShutdownHook HikariDataSource.java:352] close - HikariPool-1 - Shutdown completed.
INFO  17:06:28.853 [Thread-27 ExecutorConfigurationSupport.java:218] shutdown - Shutting down ExecutorService 'applicationTaskExecutor'
INFO  17:06:28.854 [Thread-27 HikariDataSource.java:350] close - HikariPool-5 - Shutdown initiated...
INFO  17:06:28.857 [Thread-27 HikariDataSource.java:352] close - HikariPool-5 - Shutdown completed.
WARN  17:06:28.882 [main DuplicateJsonObjectContextCustomizerFactory.java:78] logDuplicateJsonObjectsWarning - 

Found multiple occurrences of org.json.JSONObject on the class path:

	jar:file:/C:/Users/user/.m2/repository/org/json/json/20180813/json-20180813.jar!/org/json/JSONObject.class
	jar:file:/C:/Users/user/.m2/repository/com/vaadin/external/google/android-json/0.0.20131108.vaadin1/android-json-0.0.20131108.vaadin1.jar!/org/json/JSONObject.class

You may wish to exclude one of them to ensure predictable runtime behavior

INFO  17:06:28.897 [main StartupInfoLogger.java:55] logStarting - Starting PcProtectorApplicationTests on DESKTOP-OMS03 with PID 33004 (started by user in D:\intelij\git_PcProtector_Server)
INFO  17:06:28.897 [main SpringApplication.java:655] logStartupProfileInfo - The following profiles are active: real-db,local
INFO  17:06:30.002 [restartedMain StartupInfoLogger.java:55] logStarting - Starting PcProtectorApplication on DESKTOP-OMS03 with PID 39488 (D:\intelij\git_PcProtector_Server\target\classes started by user in D:\intelij\git_PcProtector_Server)
INFO  17:06:30.003 [restartedMain SpringApplication.java:655] logStartupProfileInfo - The following profiles are active: real-db,local
INFO  17:06:30.236 [main HikariDataSource.java:110] getConnection - HikariPool-1 - Starting...
INFO  17:06:30.291 [main HikariDataSource.java:123] getConnection - HikariPool-1 - Start completed.
INFO  17:06:30.319 [main SchedulerService.java:161] cronJobSch - start : 2020-09-07 00:00:00
INFO  17:06:30.320 [main SchedulerService.java:162] cronJobSch - next_start : 2020-09-14
INFO  17:06:30.320 [main SchedulerService.java:163] cronJobSch - end : 2020-09-07 23:59:59
INFO  17:06:30.320 [main SchedulerService.java:164] cronJobSch - next_end : 2020-09-14
INFO  17:06:30.321 [main SchedulerService.java:165] cronJobSch - now : 2020-09-07 17:06:30
INFO  17:06:30.321 [main SchedulerService.java:166] cronJobSch - dash_start : 2020-09-07
INFO  17:06:30.322 [main SchedulerService.java:167] cronJobSch - dash_end : 2020-09-07
INFO  17:06:30.402 [restartedMain TomcatWebServer.java:92] initialize - Tomcat initialized with port(s): 3000 (https)
INFO  17:06:30.403 [restartedMain DirectJDKLog.java:173] log - Initializing ProtocolHandler ["https-jsse-nio-3000"]
INFO  17:06:30.403 [restartedMain DirectJDKLog.java:173] log - Starting service [Tomcat]
INFO  17:06:30.403 [restartedMain DirectJDKLog.java:173] log - Starting Servlet engine: [Apache Tomcat/9.0.37]
INFO  17:06:30.431 [restartedMain DirectJDKLog.java:173] log - Initializing Spring embedded WebApplicationContext
INFO  17:06:30.431 [restartedMain ServletWebServerApplicationContext.java:284] prepareWebApplicationContext - Root WebApplicationContext: initialization completed in 426 ms
INFO  17:06:30.648 [restartedMain HikariDataSource.java:110] getConnection - HikariPool-6 - Starting...
INFO  17:06:30.651 [restartedMain HikariDataSource.java:123] getConnection - HikariPool-6 - Start completed.
INFO  17:06:30.654 [restartedMain SchedulerService.java:161] cronJobSch - start : 2020-09-07 00:00:00
INFO  17:06:30.654 [restartedMain SchedulerService.java:162] cronJobSch - next_start : 2020-09-14
INFO  17:06:30.655 [restartedMain SchedulerService.java:163] cronJobSch - end : 2020-09-07 23:59:59
INFO  17:06:30.655 [restartedMain SchedulerService.java:164] cronJobSch - next_end : 2020-09-14
INFO  17:06:30.655 [restartedMain SchedulerService.java:165] cronJobSch - now : 2020-09-07 17:06:30
INFO  17:06:30.655 [restartedMain SchedulerService.java:166] cronJobSch - dash_start : 2020-09-07
INFO  17:06:30.655 [restartedMain SchedulerService.java:167] cronJobSch - dash_end : 2020-09-07
INFO  17:06:30.704 [restartedMain DefaultSecurityFilterChain.java:43] <init> - Creating filter chain: any request, [org.springframework.security.web.context.request.async.WebAsyncManagerIntegrationFilter@76ddb9df, org.springframework.security.web.context.SecurityContextPersistenceFilter@485815c3, org.springframework.security.web.header.HeaderWriterFilter@4b439da4, org.springframework.web.filter.CorsFilter@439fde9d, org.springframework.security.web.authentication.logout.LogoutFilter@5537808e, oms.pc_protector.jwt.JwtAuthenticationFilter@69de4934, oms.pc_protector.jwt.JwtAuthorizationFilter@4b6bd149, org.springframework.security.web.savedrequest.RequestCacheAwareFilter@34105908, org.springframework.security.web.servletapi.SecurityContextHolderAwareRequestFilter@63694c93, org.springframework.security.web.authentication.AnonymousAuthenticationFilter@50e38aba, org.springframework.security.web.session.SessionManagementFilter@412fe639, org.springframework.security.web.access.ExceptionTranslationFilter@33f9f9b1, org.springframework.security.web.access.intercept.FilterSecurityInterceptor@b852244]
INFO  17:06:30.731 [restartedMain ExecutorConfigurationSupport.java:181] initialize - Initializing ExecutorService 'applicationTaskExecutor'
INFO  17:06:30.746 [restartedMain WelcomePageHandlerMapping.java:54] <init> - Adding welcome page: class path resource [static/index.html]
INFO  17:06:30.917 [restartedMain OptionalLiveReloadServer.java:58] startServer - LiveReload server is running on port 35729
INFO  17:06:30.925 [restartedMain ExecutorConfigurationSupport.java:181] initialize - Initializing ExecutorService
INFO  17:06:30.925 [restartedMain DirectJDKLog.java:173] log - Starting ProtocolHandler ["https-jsse-nio-3000"]
INFO  17:06:31.253 [restartedMain TomcatWebServer.java:204] start - Tomcat started on port(s): 3000 (https) with context path ''
INFO  17:06:31.253 [restartedMain StartupInfoLogger.java:61] logStarted - Started PcProtectorApplication in 1.283 seconds (JVM running for 4844.353)
INFO  17:06:31.254 [restartedMain ConditionEvaluationDeltaLoggingListener.java:63] onApplicationEvent - Condition evaluation unchanged
INFO  17:06:31.689 [main DefaultSecurityFilterChain.java:43] <init> - Creating filter chain: any request, [org.springframework.security.web.context.request.async.WebAsyncManagerIntegrationFilter@19fec3d6, org.springframework.security.web.context.SecurityContextPersistenceFilter@7f8a9454, org.springframework.security.web.header.HeaderWriterFilter@527a8665, org.springframework.web.filter.CorsFilter@5287ba5f, org.springframework.security.web.authentication.logout.LogoutFilter@2faa55bb, oms.pc_protector.jwt.JwtAuthenticationFilter@b768a65, oms.pc_protector.jwt.JwtAuthorizationFilter@6897a4a, org.springframework.security.web.savedrequest.RequestCacheAwareFilter@6c075e9d, org.springframework.security.web.servletapi.SecurityContextHolderAwareRequestFilter@4a642e4b, org.springframework.security.web.authentication.AnonymousAuthenticationFilter@6986f93e, org.springframework.security.web.session.SessionManagementFilter@5ec6fede, org.springframework.security.web.access.ExceptionTranslationFilter@5b29ab61, org.springframework.security.web.access.intercept.FilterSecurityInterceptor@3c81cd82]
INFO  17:06:31.947 [main ExecutorConfigurationSupport.java:181] initialize - Initializing ExecutorService 'applicationTaskExecutor'
INFO  17:06:32.031 [main WelcomePageHandlerMapping.java:54] <init> - Adding welcome page: class path resource [static/index.html]
INFO  17:06:32.193 [main ExecutorConfigurationSupport.java:181] initialize - Initializing ExecutorService
INFO  17:06:32.199 [main StartupInfoLogger.java:61] logStarted - Started PcProtectorApplicationTests in 3.656 seconds (JVM running for 4.394)
INFO  17:06:32.452 [SpringContextShutdownHook ExecutorConfigurationSupport.java:218] shutdown - Shutting down ExecutorService 'applicationTaskExecutor'
INFO  17:06:32.454 [SpringContextShutdownHook HikariDataSource.java:350] close - HikariPool-1 - Shutdown initiated...
INFO  17:06:32.463 [SpringContextShutdownHook HikariDataSource.java:352] close - HikariPool-1 - Shutdown completed.
INFO  17:15:51.934 [Thread-32 ExecutorConfigurationSupport.java:218] shutdown - Shutting down ExecutorService 'applicationTaskExecutor'
INFO  17:15:51.935 [Thread-32 HikariDataSource.java:350] close - HikariPool-6 - Shutdown initiated...
INFO  17:15:51.940 [Thread-32 HikariDataSource.java:352] close - HikariPool-6 - Shutdown completed.
