INFO  21:59:55.925 [restartedMain StartupInfoLogger.java:55] logStarting - Starting PcProtectorApplication on gimjihoui-iMac.local with PID 11209 (/Users/kimjiho/Desktop/PcProtector_Server/target/classes started by kimjiho in /Users/kimjiho/Desktop/PcProtector_Server)
INFO  21:59:55.934 [restartedMain SpringApplication.java:655] logStartupProfileInfo - The following profiles are active: real-db,local
INFO  21:59:56.007 [restartedMain DeferredLog.java:225] logTo - Devtools property defaults active! Set 'spring.devtools.add-properties' to 'false' to disable
INFO  21:59:56.008 [restartedMain DeferredLog.java:225] logTo - For additional web related logging consider setting the 'logging.level.web' property to 'DEBUG'
INFO  21:59:59.192 [restartedMain TomcatWebServer.java:92] initialize - Tomcat initialized with port(s): 3000 (https)
INFO  21:59:59.214 [restartedMain DirectJDKLog.java:173] log - Initializing ProtocolHandler ["https-jsse-nio-3000"]
INFO  21:59:59.215 [restartedMain DirectJDKLog.java:173] log - Starting service [Tomcat]
INFO  21:59:59.216 [restartedMain DirectJDKLog.java:173] log - Starting Servlet engine: [Apache Tomcat/9.0.37]
INFO  21:59:59.401 [restartedMain DirectJDKLog.java:173] log - Initializing Spring embedded WebApplicationContext
INFO  21:59:59.402 [restartedMain ServletWebServerApplicationContext.java:284] prepareWebApplicationContext - Root WebApplicationContext: initialization completed in 3394 ms
INFO  22:00:00.381 [restartedMain HikariDataSource.java:110] getConnection - HikariPool-1 - Starting...
INFO  22:00:00.475 [restartedMain HikariDataSource.java:123] getConnection - HikariPool-1 - Start completed.
INFO  22:00:00.676 [restartedMain SchedulerService.java:169] cronJobSch - start : 2020-10-22 00:00:00
INFO  22:00:00.677 [restartedMain SchedulerService.java:170] cronJobSch - next_start : 2020-10-23
INFO  22:00:00.678 [restartedMain SchedulerService.java:171] cronJobSch - end : 2020-10-22 23:59:59
INFO  22:00:00.680 [restartedMain SchedulerService.java:172] cronJobSch - next_end : 2020-10-23
INFO  22:00:00.681 [restartedMain SchedulerService.java:173] cronJobSch - now : 2020-10-22 22:00:00
INFO  22:00:00.681 [restartedMain SchedulerService.java:174] cronJobSch - dash_start : 2020-10-22
INFO  22:00:00.682 [restartedMain SchedulerService.java:175] cronJobSch - dash_end : 2020-10-22
INFO  22:00:01.046 [restartedMain DefaultSecurityFilterChain.java:43] <init> - Creating filter chain: any request, [org.springframework.security.web.context.request.async.WebAsyncManagerIntegrationFilter@460c636e, org.springframework.security.web.context.SecurityContextPersistenceFilter@4b769b8a, org.springframework.security.web.header.HeaderWriterFilter@4127aba7, org.springframework.web.filter.CorsFilter@65377db7, org.springframework.security.web.authentication.logout.LogoutFilter@1e1aa472, oms.pc_protector.jwt.JwtAuthenticationFilter@6dd3c32f, oms.pc_protector.jwt.JwtAuthorizationFilter@25bbd248, org.springframework.security.web.savedrequest.RequestCacheAwareFilter@12a59a6c, org.springframework.security.web.servletapi.SecurityContextHolderAwareRequestFilter@44966d9, org.springframework.security.web.authentication.AnonymousAuthenticationFilter@9d282, org.springframework.security.web.session.SessionManagementFilter@14e7c75e, org.springframework.security.web.access.ExceptionTranslationFilter@128fc0bf, org.springframework.security.web.access.intercept.FilterSecurityInterceptor@41b00c4d]
INFO  22:00:01.223 [restartedMain ExecutorConfigurationSupport.java:181] initialize - Initializing ExecutorService 'applicationTaskExecutor'
INFO  22:00:01.375 [restartedMain WelcomePageHandlerMapping.java:54] <init> - Adding welcome page: class path resource [static/index.html]
INFO  22:00:01.623 [restartedMain OptionalLiveReloadServer.java:58] startServer - LiveReload server is running on port 35729
INFO  22:00:01.657 [restartedMain ExecutorConfigurationSupport.java:181] initialize - Initializing ExecutorService
INFO  22:00:01.664 [restartedMain DirectJDKLog.java:173] log - Starting ProtocolHandler ["https-jsse-nio-3000"]
INFO  22:00:02.639 [restartedMain TomcatWebServer.java:204] start - Tomcat started on port(s): 3000 (https) with context path ''
INFO  22:00:02.649 [restartedMain StartupInfoLogger.java:61] logStarted - Started PcProtectorApplication in 7.62 seconds (JVM running for 14.683)
INFO  22:00:02.662 [restartedMain ConditionEvaluationReportLoggingListener.java:136] logMessage - 

Error starting ApplicationContext. To display the conditions report re-run your application with 'debug' enabled.
ERROR 22:00:02.675 [restartedMain SpringApplication.java:826] reportFailure - Application run failed
java.lang.IllegalStateException: Failed to execute CommandLineRunner
	at org.springframework.boot.SpringApplication.callRunner(SpringApplication.java:787)
	at org.springframework.boot.SpringApplication.callRunners(SpringApplication.java:768)
	at org.springframework.boot.SpringApplication.run(SpringApplication.java:322)
	at org.springframework.boot.SpringApplication.run(SpringApplication.java:1226)
	at org.springframework.boot.SpringApplication.run(SpringApplication.java:1215)
	at oms.pc_protector.PcProtectorApplication.main(PcProtectorApplication.java:17)
	at java.base/jdk.internal.reflect.NativeMethodAccessorImpl.invoke0(Native Method)
	at java.base/jdk.internal.reflect.NativeMethodAccessorImpl.invoke(NativeMethodAccessorImpl.java:62)
	at java.base/jdk.internal.reflect.DelegatingMethodAccessorImpl.invoke(DelegatingMethodAccessorImpl.java:43)
	at java.base/java.lang.reflect.Method.invoke(Method.java:566)
	at org.springframework.boot.devtools.restart.RestartLauncher.run(RestartLauncher.java:49)
Caused by: java.lang.NullPointerException: null
	at oms.pc_protector.util.License.getHardwareAddress(License.java:70)
	at oms.pc_protector.util.License.run(License.java:48)
	at org.springframework.boot.SpringApplication.callRunner(SpringApplication.java:784)
	... 10 common frames omitted
INFO  22:00:02.683 [restartedMain ExecutorConfigurationSupport.java:218] shutdown - Shutting down ExecutorService 'applicationTaskExecutor'
INFO  22:00:02.686 [restartedMain HikariDataSource.java:350] close - HikariPool-1 - Shutdown initiated...
INFO  22:00:02.695 [restartedMain HikariDataSource.java:352] close - HikariPool-1 - Shutdown completed.
INFO  22:01:27.086 [restartedMain StartupInfoLogger.java:55] logStarting - Starting PcProtectorApplication on gimjihoui-iMac.local with PID 11436 (/Users/kimjiho/Desktop/PcProtector_Server/target/classes started by kimjiho in /Users/kimjiho/Desktop/PcProtector_Server)
INFO  22:01:27.089 [restartedMain SpringApplication.java:655] logStartupProfileInfo - The following profiles are active: real-db,local
INFO  22:01:27.165 [restartedMain DeferredLog.java:225] logTo - Devtools property defaults active! Set 'spring.devtools.add-properties' to 'false' to disable
INFO  22:01:27.166 [restartedMain DeferredLog.java:225] logTo - For additional web related logging consider setting the 'logging.level.web' property to 'DEBUG'
INFO  22:01:28.943 [restartedMain TomcatWebServer.java:92] initialize - Tomcat initialized with port(s): 3000 (https)
INFO  22:01:28.958 [restartedMain DirectJDKLog.java:173] log - Initializing ProtocolHandler ["https-jsse-nio-3000"]
INFO  22:01:28.959 [restartedMain DirectJDKLog.java:173] log - Starting service [Tomcat]
INFO  22:01:28.959 [restartedMain DirectJDKLog.java:173] log - Starting Servlet engine: [Apache Tomcat/9.0.37]
INFO  22:01:29.041 [restartedMain DirectJDKLog.java:173] log - Initializing Spring embedded WebApplicationContext
INFO  22:01:29.042 [restartedMain ServletWebServerApplicationContext.java:284] prepareWebApplicationContext - Root WebApplicationContext: initialization completed in 1876 ms
INFO  22:01:29.697 [restartedMain HikariDataSource.java:110] getConnection - HikariPool-1 - Starting...
INFO  22:01:29.767 [restartedMain HikariDataSource.java:123] getConnection - HikariPool-1 - Start completed.
INFO  22:01:29.808 [restartedMain SchedulerService.java:169] cronJobSch - start : 2020-10-22 00:00:00
INFO  22:01:29.809 [restartedMain SchedulerService.java:170] cronJobSch - next_start : 2020-10-23
INFO  22:01:29.809 [restartedMain SchedulerService.java:171] cronJobSch - end : 2020-10-22 23:59:59
INFO  22:01:29.810 [restartedMain SchedulerService.java:172] cronJobSch - next_end : 2020-10-23
INFO  22:01:29.810 [restartedMain SchedulerService.java:173] cronJobSch - now : 2020-10-22 22:01:29
INFO  22:01:29.810 [restartedMain SchedulerService.java:174] cronJobSch - dash_start : 2020-10-22
INFO  22:01:29.811 [restartedMain SchedulerService.java:175] cronJobSch - dash_end : 2020-10-22
INFO  22:01:30.161 [restartedMain DefaultSecurityFilterChain.java:43] <init> - Creating filter chain: any request, [org.springframework.security.web.context.request.async.WebAsyncManagerIntegrationFilter@2d276b15, org.springframework.security.web.context.SecurityContextPersistenceFilter@2f1a01a0, org.springframework.security.web.header.HeaderWriterFilter@61fde85c, org.springframework.web.filter.CorsFilter@1f64ddf4, org.springframework.security.web.authentication.logout.LogoutFilter@4da32f80, oms.pc_protector.jwt.JwtAuthenticationFilter@755bf183, oms.pc_protector.jwt.JwtAuthorizationFilter@70b67f8c, org.springframework.security.web.savedrequest.RequestCacheAwareFilter@554dfe57, org.springframework.security.web.servletapi.SecurityContextHolderAwareRequestFilter@262763d1, org.springframework.security.web.authentication.AnonymousAuthenticationFilter@665fdd4c, org.springframework.security.web.session.SessionManagementFilter@3e548b31, org.springframework.security.web.access.ExceptionTranslationFilter@1091823a, org.springframework.security.web.access.intercept.FilterSecurityInterceptor@42f97fec]
INFO  22:01:30.300 [restartedMain ExecutorConfigurationSupport.java:181] initialize - Initializing ExecutorService 'applicationTaskExecutor'
INFO  22:01:30.436 [restartedMain WelcomePageHandlerMapping.java:54] <init> - Adding welcome page: class path resource [static/index.html]
INFO  22:01:30.650 [restartedMain OptionalLiveReloadServer.java:58] startServer - LiveReload server is running on port 35729
INFO  22:01:30.689 [restartedMain ExecutorConfigurationSupport.java:181] initialize - Initializing ExecutorService
INFO  22:01:30.696 [restartedMain DirectJDKLog.java:173] log - Starting ProtocolHandler ["https-jsse-nio-3000"]
INFO  22:01:31.541 [restartedMain TomcatWebServer.java:204] start - Tomcat started on port(s): 3000 (https) with context path ''
INFO  22:01:31.551 [restartedMain StartupInfoLogger.java:61] logStarted - Started PcProtectorApplication in 5.1 seconds (JVM running for 11.338)
WARN  22:08:53.033 [main DuplicateJsonObjectContextCustomizerFactory.java:78] logDuplicateJsonObjectsWarning - 

Found multiple occurrences of org.json.JSONObject on the class path:

	jar:file:/Users/kimjiho/.m2/repository/org/json/json/20180813/json-20180813.jar!/org/json/JSONObject.class
	jar:file:/Users/kimjiho/.m2/repository/com/vaadin/external/google/android-json/0.0.20131108.vaadin1/android-json-0.0.20131108.vaadin1.jar!/org/json/JSONObject.class

You may wish to exclude one of them to ensure predictable runtime behavior

INFO  22:08:53.052 [main StartupInfoLogger.java:55] logStarting - Starting PcProtectorApplicationTests on gimjihoui-iMac.local with PID 11545 (started by kimjiho in /Users/kimjiho/Desktop/PcProtector_Server)
INFO  22:08:53.053 [main SpringApplication.java:655] logStartupProfileInfo - The following profiles are active: real-db,local
INFO  22:08:55.368 [main HikariDataSource.java:110] getConnection - HikariPool-1 - Starting...
INFO  22:08:55.471 [main HikariDataSource.java:123] getConnection - HikariPool-1 - Start completed.
INFO  22:08:55.516 [main SchedulerService.java:169] cronJobSch - start : 2020-10-22 00:00:00
INFO  22:08:55.518 [main SchedulerService.java:170] cronJobSch - next_start : 2020-10-23
INFO  22:08:55.519 [main SchedulerService.java:171] cronJobSch - end : 2020-10-22 23:59:59
INFO  22:08:55.520 [main SchedulerService.java:172] cronJobSch - next_end : 2020-10-23
INFO  22:08:55.521 [main SchedulerService.java:173] cronJobSch - now : 2020-10-22 22:08:55
INFO  22:08:55.522 [main SchedulerService.java:174] cronJobSch - dash_start : 2020-10-22
INFO  22:08:55.523 [main SchedulerService.java:175] cronJobSch - dash_end : 2020-10-22
INFO  22:08:56.011 [main DefaultSecurityFilterChain.java:43] <init> - Creating filter chain: any request, [org.springframework.security.web.context.request.async.WebAsyncManagerIntegrationFilter@79195c22, org.springframework.security.web.context.SecurityContextPersistenceFilter@2d130ac4, org.springframework.security.web.header.HeaderWriterFilter@7b6141f0, org.springframework.web.filter.CorsFilter@c9b5a99, org.springframework.security.web.authentication.logout.LogoutFilter@129c4d19, oms.pc_protector.jwt.JwtAuthenticationFilter@70be89ec, oms.pc_protector.jwt.JwtAuthorizationFilter@2aee0704, org.springframework.security.web.savedrequest.RequestCacheAwareFilter@55296b50, org.springframework.security.web.servletapi.SecurityContextHolderAwareRequestFilter@74a820bf, org.springframework.security.web.authentication.AnonymousAuthenticationFilter@19a5b637, org.springframework.security.web.session.SessionManagementFilter@7b8ea1db, org.springframework.security.web.access.ExceptionTranslationFilter@3a788fe0, org.springframework.security.web.access.intercept.FilterSecurityInterceptor@6b063470]
INFO  22:08:56.464 [main ExecutorConfigurationSupport.java:181] initialize - Initializing ExecutorService 'applicationTaskExecutor'
INFO  22:08:56.628 [main WelcomePageHandlerMapping.java:54] <init> - Adding welcome page: class path resource [static/index.html]
INFO  22:08:56.903 [main ExecutorConfigurationSupport.java:181] initialize - Initializing ExecutorService
INFO  22:08:56.912 [main StartupInfoLogger.java:61] logStarted - Started PcProtectorApplicationTests in 9.585 seconds (JVM running for 11.759)
INFO  22:08:56.923 [main ConditionEvaluationReportLoggingListener.java:136] logMessage - 

Error starting ApplicationContext. To display the conditions report re-run your application with 'debug' enabled.
ERROR 22:08:56.928 [main SpringApplication.java:826] reportFailure - Application run failed
java.lang.IllegalStateException: Failed to execute CommandLineRunner
	at org.springframework.boot.SpringApplication.callRunner(SpringApplication.java:787)
	at org.springframework.boot.SpringApplication.callRunners(SpringApplication.java:768)
	at org.springframework.boot.SpringApplication.run(SpringApplication.java:322)
	at org.springframework.boot.test.context.SpringBootContextLoader.loadContext(SpringBootContextLoader.java:126)
	at org.springframework.test.context.cache.DefaultCacheAwareContextLoaderDelegate.loadContextInternal(DefaultCacheAwareContextLoaderDelegate.java:99)
	at org.springframework.test.context.cache.DefaultCacheAwareContextLoaderDelegate.loadContext(DefaultCacheAwareContextLoaderDelegate.java:124)
	at org.springframework.test.context.support.DefaultTestContext.getApplicationContext(DefaultTestContext.java:123)
	at org.springframework.test.context.web.ServletTestExecutionListener.setUpRequestContextIfNecessary(ServletTestExecutionListener.java:190)
	at org.springframework.test.context.web.ServletTestExecutionListener.prepareTestInstance(ServletTestExecutionListener.java:132)
	at org.springframework.test.context.TestContextManager.prepareTestInstance(TestContextManager.java:244)
	at org.springframework.test.context.junit.jupiter.SpringExtension.postProcessTestInstance(SpringExtension.java:98)
	at org.junit.jupiter.engine.descriptor.ClassBasedTestDescriptor.lambda$invokeTestInstancePostProcessors$5(ClassBasedTestDescriptor.java:337)
	at org.junit.jupiter.engine.descriptor.ClassBasedTestDescriptor.executeAndMaskThrowable(ClassBasedTestDescriptor.java:342)
	at org.junit.jupiter.engine.descriptor.ClassBasedTestDescriptor.lambda$invokeTestInstancePostProcessors$6(ClassBasedTestDescriptor.java:337)
	at java.base/java.util.stream.ReferencePipeline$3$1.accept(ReferencePipeline.java:195)
	at java.base/java.util.stream.ReferencePipeline$2$1.accept(ReferencePipeline.java:177)
	at java.base/java.util.ArrayList$ArrayListSpliterator.forEachRemaining(ArrayList.java:1655)
	at java.base/java.util.stream.AbstractPipeline.copyInto(AbstractPipeline.java:484)
	at java.base/java.util.stream.AbstractPipeline.wrapAndCopyInto(AbstractPipeline.java:474)
	at java.base/java.util.stream.StreamSpliterators$WrappingSpliterator.forEachRemaining(StreamSpliterators.java:312)
	at java.base/java.util.stream.Streams$ConcatSpliterator.forEachRemaining(Streams.java:735)
	at java.base/java.util.stream.Streams$ConcatSpliterator.forEachRemaining(Streams.java:734)
	at java.base/java.util.stream.ReferencePipeline$Head.forEach(ReferencePipeline.java:658)
	at org.junit.jupiter.engine.descriptor.ClassBasedTestDescriptor.invokeTestInstancePostProcessors(ClassBasedTestDescriptor.java:336)
	at org.junit.jupiter.engine.descriptor.ClassBasedTestDescriptor.instantiateAndPostProcessTestInstance(ClassBasedTestDescriptor.java:259)
	at org.junit.jupiter.engine.descriptor.ClassBasedTestDescriptor.lambda$testInstancesProvider$2(ClassBasedTestDescriptor.java:252)
	at java.base/java.util.Optional.orElseGet(Optional.java:369)
	at org.junit.jupiter.engine.descriptor.ClassBasedTestDescriptor.lambda$testInstancesProvider$3(ClassBasedTestDescriptor.java:251)
	at org.junit.jupiter.engine.execution.TestInstancesProvider.getTestInstances(TestInstancesProvider.java:29)
	at org.junit.jupiter.engine.descriptor.TestMethodTestDescriptor.lambda$prepare$0(TestMethodTestDescriptor.java:106)
	at org.junit.platform.engine.support.hierarchical.ThrowableCollector.execute(ThrowableCollector.java:73)
	at org.junit.jupiter.engine.descriptor.TestMethodTestDescriptor.prepare(TestMethodTestDescriptor.java:105)
	at org.junit.jupiter.engine.descriptor.TestMethodTestDescriptor.prepare(TestMethodTestDescriptor.java:69)
	at org.junit.platform.engine.support.hierarchical.NodeTestTask.lambda$prepare$1(NodeTestTask.java:107)
	at org.junit.platform.engine.support.hierarchical.ThrowableCollector.execute(ThrowableCollector.java:73)
	at org.junit.platform.engine.support.hierarchical.NodeTestTask.prepare(NodeTestTask.java:107)
	at org.junit.platform.engine.support.hierarchical.NodeTestTask.execute(NodeTestTask.java:75)
	at java.base/java.util.ArrayList.forEach(ArrayList.java:1541)
	at org.junit.platform.engine.support.hierarchical.SameThreadHierarchicalTestExecutorService.invokeAll(SameThreadHierarchicalTestExecutorService.java:38)
	at org.junit.platform.engine.support.hierarchical.NodeTestTask.lambda$executeRecursively$5(NodeTestTask.java:139)
	at org.junit.platform.engine.support.hierarchical.ThrowableCollector.execute(ThrowableCollector.java:73)
	at org.junit.platform.engine.support.hierarchical.NodeTestTask.lambda$executeRecursively$7(NodeTestTask.java:125)
	at org.junit.platform.engine.support.hierarchical.Node.around(Node.java:135)
	at org.junit.platform.engine.support.hierarchical.NodeTestTask.lambda$executeRecursively$8(NodeTestTask.java:123)
	at org.junit.platform.engine.support.hierarchical.ThrowableCollector.execute(ThrowableCollector.java:73)
	at org.junit.platform.engine.support.hierarchical.NodeTestTask.executeRecursively(NodeTestTask.java:122)
	at org.junit.platform.engine.support.hierarchical.NodeTestTask.execute(NodeTestTask.java:80)
	at java.base/java.util.ArrayList.forEach(ArrayList.java:1541)
	at org.junit.platform.engine.support.hierarchical.SameThreadHierarchicalTestExecutorService.invokeAll(SameThreadHierarchicalTestExecutorService.java:38)
	at org.junit.platform.engine.support.hierarchical.NodeTestTask.lambda$executeRecursively$5(NodeTestTask.java:139)
	at org.junit.platform.engine.support.hierarchical.ThrowableCollector.execute(ThrowableCollector.java:73)
	at org.junit.platform.engine.support.hierarchical.NodeTestTask.lambda$executeRecursively$7(NodeTestTask.java:125)
	at org.junit.platform.engine.support.hierarchical.Node.around(Node.java:135)
	at org.junit.platform.engine.support.hierarchical.NodeTestTask.lambda$executeRecursively$8(NodeTestTask.java:123)
	at org.junit.platform.engine.support.hierarchical.ThrowableCollector.execute(ThrowableCollector.java:73)
	at org.junit.platform.engine.support.hierarchical.NodeTestTask.executeRecursively(NodeTestTask.java:122)
	at org.junit.platform.engine.support.hierarchical.NodeTestTask.execute(NodeTestTask.java:80)
	at org.junit.platform.engine.support.hierarchical.SameThreadHierarchicalTestExecutorService.submit(SameThreadHierarchicalTestExecutorService.java:32)
	at org.junit.platform.engine.support.hierarchical.HierarchicalTestExecutor.execute(HierarchicalTestExecutor.java:57)
	at org.junit.platform.engine.support.hierarchical.HierarchicalTestEngine.execute(HierarchicalTestEngine.java:51)
	at org.junit.platform.launcher.core.DefaultLauncher.execute(DefaultLauncher.java:170)
	at org.junit.platform.launcher.core.DefaultLauncher.execute(DefaultLauncher.java:154)
	at org.junit.platform.launcher.core.DefaultLauncher.execute(DefaultLauncher.java:90)
	at org.apache.maven.surefire.junitplatform.JUnitPlatformProvider.invokeAllTests(JUnitPlatformProvider.java:142)
	at org.apache.maven.surefire.junitplatform.JUnitPlatformProvider.invoke(JUnitPlatformProvider.java:117)
	at org.apache.maven.surefire.booter.ForkedBooter.invokeProviderInSameClassLoader(ForkedBooter.java:383)
	at org.apache.maven.surefire.booter.ForkedBooter.runSuitesInProcess(ForkedBooter.java:344)
	at org.apache.maven.surefire.booter.ForkedBooter.execute(ForkedBooter.java:125)
	at org.apache.maven.surefire.booter.ForkedBooter.main(ForkedBooter.java:417)
Caused by: java.lang.NullPointerException: null
	at oms.pc_protector.util.License.getHardwareAddress(License.java:69)
	at oms.pc_protector.util.License.run(License.java:48)
	at org.springframework.boot.SpringApplication.callRunner(SpringApplication.java:784)
	... 68 common frames omitted
INFO  22:08:56.940 [main ExecutorConfigurationSupport.java:218] shutdown - Shutting down ExecutorService 'applicationTaskExecutor'
INFO  22:08:56.944 [main HikariDataSource.java:350] close - HikariPool-1 - Shutdown initiated...
INFO  22:08:56.952 [main HikariDataSource.java:352] close - HikariPool-1 - Shutdown completed.
ERROR 22:08:56.954 [main TestContextManager.java:248] prepareTestInstance - Caught exception while allowing TestExecutionListener [org.springframework.test.context.web.ServletTestExecutionListener@2cc44ad] to prepare test instance [oms.pc_protector.PcProtectorApplicationTests@e521067]
java.lang.IllegalStateException: Failed to load ApplicationContext
	at org.springframework.test.context.cache.DefaultCacheAwareContextLoaderDelegate.loadContext(DefaultCacheAwareContextLoaderDelegate.java:132)
	at org.springframework.test.context.support.DefaultTestContext.getApplicationContext(DefaultTestContext.java:123)
	at org.springframework.test.context.web.ServletTestExecutionListener.setUpRequestContextIfNecessary(ServletTestExecutionListener.java:190)
	at org.springframework.test.context.web.ServletTestExecutionListener.prepareTestInstance(ServletTestExecutionListener.java:132)
	at org.springframework.test.context.TestContextManager.prepareTestInstance(TestContextManager.java:244)
	at org.springframework.test.context.junit.jupiter.SpringExtension.postProcessTestInstance(SpringExtension.java:98)
	at org.junit.jupiter.engine.descriptor.ClassBasedTestDescriptor.lambda$invokeTestInstancePostProcessors$5(ClassBasedTestDescriptor.java:337)
	at org.junit.jupiter.engine.descriptor.ClassBasedTestDescriptor.executeAndMaskThrowable(ClassBasedTestDescriptor.java:342)
	at org.junit.jupiter.engine.descriptor.ClassBasedTestDescriptor.lambda$invokeTestInstancePostProcessors$6(ClassBasedTestDescriptor.java:337)
	at java.base/java.util.stream.ReferencePipeline$3$1.accept(ReferencePipeline.java:195)
	at java.base/java.util.stream.ReferencePipeline$2$1.accept(ReferencePipeline.java:177)
	at java.base/java.util.ArrayList$ArrayListSpliterator.forEachRemaining(ArrayList.java:1655)
	at java.base/java.util.stream.AbstractPipeline.copyInto(AbstractPipeline.java:484)
	at java.base/java.util.stream.AbstractPipeline.wrapAndCopyInto(AbstractPipeline.java:474)
	at java.base/java.util.stream.StreamSpliterators$WrappingSpliterator.forEachRemaining(StreamSpliterators.java:312)
	at java.base/java.util.stream.Streams$ConcatSpliterator.forEachRemaining(Streams.java:735)
	at java.base/java.util.stream.Streams$ConcatSpliterator.forEachRemaining(Streams.java:734)
	at java.base/java.util.stream.ReferencePipeline$Head.forEach(ReferencePipeline.java:658)
	at org.junit.jupiter.engine.descriptor.ClassBasedTestDescriptor.invokeTestInstancePostProcessors(ClassBasedTestDescriptor.java:336)
	at org.junit.jupiter.engine.descriptor.ClassBasedTestDescriptor.instantiateAndPostProcessTestInstance(ClassBasedTestDescriptor.java:259)
	at org.junit.jupiter.engine.descriptor.ClassBasedTestDescriptor.lambda$testInstancesProvider$2(ClassBasedTestDescriptor.java:252)
	at java.base/java.util.Optional.orElseGet(Optional.java:369)
	at org.junit.jupiter.engine.descriptor.ClassBasedTestDescriptor.lambda$testInstancesProvider$3(ClassBasedTestDescriptor.java:251)
	at org.junit.jupiter.engine.execution.TestInstancesProvider.getTestInstances(TestInstancesProvider.java:29)
	at org.junit.jupiter.engine.descriptor.TestMethodTestDescriptor.lambda$prepare$0(TestMethodTestDescriptor.java:106)
	at org.junit.platform.engine.support.hierarchical.ThrowableCollector.execute(ThrowableCollector.java:73)
	at org.junit.jupiter.engine.descriptor.TestMethodTestDescriptor.prepare(TestMethodTestDescriptor.java:105)
	at org.junit.jupiter.engine.descriptor.TestMethodTestDescriptor.prepare(TestMethodTestDescriptor.java:69)
	at org.junit.platform.engine.support.hierarchical.NodeTestTask.lambda$prepare$1(NodeTestTask.java:107)
	at org.junit.platform.engine.support.hierarchical.ThrowableCollector.execute(ThrowableCollector.java:73)
	at org.junit.platform.engine.support.hierarchical.NodeTestTask.prepare(NodeTestTask.java:107)
	at org.junit.platform.engine.support.hierarchical.NodeTestTask.execute(NodeTestTask.java:75)
	at java.base/java.util.ArrayList.forEach(ArrayList.java:1541)
	at org.junit.platform.engine.support.hierarchical.SameThreadHierarchicalTestExecutorService.invokeAll(SameThreadHierarchicalTestExecutorService.java:38)
	at org.junit.platform.engine.support.hierarchical.NodeTestTask.lambda$executeRecursively$5(NodeTestTask.java:139)
	at org.junit.platform.engine.support.hierarchical.ThrowableCollector.execute(ThrowableCollector.java:73)
	at org.junit.platform.engine.support.hierarchical.NodeTestTask.lambda$executeRecursively$7(NodeTestTask.java:125)
	at org.junit.platform.engine.support.hierarchical.Node.around(Node.java:135)
	at org.junit.platform.engine.support.hierarchical.NodeTestTask.lambda$executeRecursively$8(NodeTestTask.java:123)
	at org.junit.platform.engine.support.hierarchical.ThrowableCollector.execute(ThrowableCollector.java:73)
	at org.junit.platform.engine.support.hierarchical.NodeTestTask.executeRecursively(NodeTestTask.java:122)
	at org.junit.platform.engine.support.hierarchical.NodeTestTask.execute(NodeTestTask.java:80)
	at java.base/java.util.ArrayList.forEach(ArrayList.java:1541)
	at org.junit.platform.engine.support.hierarchical.SameThreadHierarchicalTestExecutorService.invokeAll(SameThreadHierarchicalTestExecutorService.java:38)
	at org.junit.platform.engine.support.hierarchical.NodeTestTask.lambda$executeRecursively$5(NodeTestTask.java:139)
	at org.junit.platform.engine.support.hierarchical.ThrowableCollector.execute(ThrowableCollector.java:73)
	at org.junit.platform.engine.support.hierarchical.NodeTestTask.lambda$executeRecursively$7(NodeTestTask.java:125)
	at org.junit.platform.engine.support.hierarchical.Node.around(Node.java:135)
	at org.junit.platform.engine.support.hierarchical.NodeTestTask.lambda$executeRecursively$8(NodeTestTask.java:123)
	at org.junit.platform.engine.support.hierarchical.ThrowableCollector.execute(ThrowableCollector.java:73)
	at org.junit.platform.engine.support.hierarchical.NodeTestTask.executeRecursively(NodeTestTask.java:122)
	at org.junit.platform.engine.support.hierarchical.NodeTestTask.execute(NodeTestTask.java:80)
	at org.junit.platform.engine.support.hierarchical.SameThreadHierarchicalTestExecutorService.submit(SameThreadHierarchicalTestExecutorService.java:32)
	at org.junit.platform.engine.support.hierarchical.HierarchicalTestExecutor.execute(HierarchicalTestExecutor.java:57)
	at org.junit.platform.engine.support.hierarchical.HierarchicalTestEngine.execute(HierarchicalTestEngine.java:51)
	at org.junit.platform.launcher.core.DefaultLauncher.execute(DefaultLauncher.java:170)
	at org.junit.platform.launcher.core.DefaultLauncher.execute(DefaultLauncher.java:154)
	at org.junit.platform.launcher.core.DefaultLauncher.execute(DefaultLauncher.java:90)
	at org.apache.maven.surefire.junitplatform.JUnitPlatformProvider.invokeAllTests(JUnitPlatformProvider.java:142)
	at org.apache.maven.surefire.junitplatform.JUnitPlatformProvider.invoke(JUnitPlatformProvider.java:117)
	at org.apache.maven.surefire.booter.ForkedBooter.invokeProviderInSameClassLoader(ForkedBooter.java:383)
	at org.apache.maven.surefire.booter.ForkedBooter.runSuitesInProcess(ForkedBooter.java:344)
	at org.apache.maven.surefire.booter.ForkedBooter.execute(ForkedBooter.java:125)
	at org.apache.maven.surefire.booter.ForkedBooter.main(ForkedBooter.java:417)
Caused by: java.lang.IllegalStateException: Failed to execute CommandLineRunner
	at org.springframework.boot.SpringApplication.callRunner(SpringApplication.java:787)
	at org.springframework.boot.SpringApplication.callRunners(SpringApplication.java:768)
	at org.springframework.boot.SpringApplication.run(SpringApplication.java:322)
	at org.springframework.boot.test.context.SpringBootContextLoader.loadContext(SpringBootContextLoader.java:126)
	at org.springframework.test.context.cache.DefaultCacheAwareContextLoaderDelegate.loadContextInternal(DefaultCacheAwareContextLoaderDelegate.java:99)
	at org.springframework.test.context.cache.DefaultCacheAwareContextLoaderDelegate.loadContext(DefaultCacheAwareContextLoaderDelegate.java:124)
	... 63 common frames omitted
Caused by: java.lang.NullPointerException: null
	at oms.pc_protector.util.License.getHardwareAddress(License.java:69)
	at oms.pc_protector.util.License.run(License.java:48)
	at org.springframework.boot.SpringApplication.callRunner(SpringApplication.java:784)
	... 68 common frames omitted
WARN  22:10:12.493 [main DuplicateJsonObjectContextCustomizerFactory.java:78] logDuplicateJsonObjectsWarning - 

Found multiple occurrences of org.json.JSONObject on the class path:

	jar:file:/Users/kimjiho/.m2/repository/org/json/json/20180813/json-20180813.jar!/org/json/JSONObject.class
	jar:file:/Users/kimjiho/.m2/repository/com/vaadin/external/google/android-json/0.0.20131108.vaadin1/android-json-0.0.20131108.vaadin1.jar!/org/json/JSONObject.class

You may wish to exclude one of them to ensure predictable runtime behavior

INFO  22:10:12.511 [main StartupInfoLogger.java:55] logStarting - Starting PcProtectorApplicationTests on gimjihoui-iMac.local with PID 11599 (started by kimjiho in /Users/kimjiho/Desktop/PcProtector_Server)
INFO  22:10:12.511 [main SpringApplication.java:655] logStartupProfileInfo - The following profiles are active: real-db,local
INFO  22:10:14.318 [main HikariDataSource.java:110] getConnection - HikariPool-1 - Starting...
INFO  22:10:14.408 [main HikariDataSource.java:123] getConnection - HikariPool-1 - Start completed.
INFO  22:10:14.447 [main SchedulerService.java:169] cronJobSch - start : 2020-10-22 00:00:00
INFO  22:10:14.448 [main SchedulerService.java:170] cronJobSch - next_start : 2020-10-23
INFO  22:10:14.449 [main SchedulerService.java:171] cronJobSch - end : 2020-10-22 23:59:59
INFO  22:10:14.450 [main SchedulerService.java:172] cronJobSch - next_end : 2020-10-23
INFO  22:10:14.450 [main SchedulerService.java:173] cronJobSch - now : 2020-10-22 22:10:14
INFO  22:10:14.451 [main SchedulerService.java:174] cronJobSch - dash_start : 2020-10-22
INFO  22:10:14.452 [main SchedulerService.java:175] cronJobSch - dash_end : 2020-10-22
INFO  22:10:14.903 [main DefaultSecurityFilterChain.java:43] <init> - Creating filter chain: any request, [org.springframework.security.web.context.request.async.WebAsyncManagerIntegrationFilter@c9b5a99, org.springframework.security.web.context.SecurityContextPersistenceFilter@2f0ccb34, org.springframework.security.web.header.HeaderWriterFilter@4fb64a52, org.springframework.web.filter.CorsFilter@70be89ec, org.springframework.security.web.authentication.logout.LogoutFilter@11810917, oms.pc_protector.jwt.JwtAuthenticationFilter@2aee0704, oms.pc_protector.jwt.JwtAuthorizationFilter@19a5b637, org.springframework.security.web.savedrequest.RequestCacheAwareFilter@60591e1b, org.springframework.security.web.servletapi.SecurityContextHolderAwareRequestFilter@5a30722c, org.springframework.security.web.authentication.AnonymousAuthenticationFilter@4f3c7808, org.springframework.security.web.session.SessionManagementFilter@a91119b, org.springframework.security.web.access.ExceptionTranslationFilter@430df350, org.springframework.security.web.access.intercept.FilterSecurityInterceptor@226d5af0]
INFO  22:10:15.324 [main ExecutorConfigurationSupport.java:181] initialize - Initializing ExecutorService 'applicationTaskExecutor'
INFO  22:10:15.464 [main WelcomePageHandlerMapping.java:54] <init> - Adding welcome page: class path resource [static/index.html]
INFO  22:10:15.718 [main ExecutorConfigurationSupport.java:181] initialize - Initializing ExecutorService
INFO  22:10:15.725 [main StartupInfoLogger.java:61] logStarted - Started PcProtectorApplicationTests in 8.711 seconds (JVM running for 9.709)
INFO  22:10:15.734 [main ConditionEvaluationReportLoggingListener.java:136] logMessage - 

Error starting ApplicationContext. To display the conditions report re-run your application with 'debug' enabled.
ERROR 22:10:15.740 [main SpringApplication.java:826] reportFailure - Application run failed
java.lang.IllegalStateException: Failed to execute CommandLineRunner
	at org.springframework.boot.SpringApplication.callRunner(SpringApplication.java:787)
	at org.springframework.boot.SpringApplication.callRunners(SpringApplication.java:768)
	at org.springframework.boot.SpringApplication.run(SpringApplication.java:322)
	at org.springframework.boot.test.context.SpringBootContextLoader.loadContext(SpringBootContextLoader.java:126)
	at org.springframework.test.context.cache.DefaultCacheAwareContextLoaderDelegate.loadContextInternal(DefaultCacheAwareContextLoaderDelegate.java:99)
	at org.springframework.test.context.cache.DefaultCacheAwareContextLoaderDelegate.loadContext(DefaultCacheAwareContextLoaderDelegate.java:124)
	at org.springframework.test.context.support.DefaultTestContext.getApplicationContext(DefaultTestContext.java:123)
	at org.springframework.test.context.web.ServletTestExecutionListener.setUpRequestContextIfNecessary(ServletTestExecutionListener.java:190)
	at org.springframework.test.context.web.ServletTestExecutionListener.prepareTestInstance(ServletTestExecutionListener.java:132)
	at org.springframework.test.context.TestContextManager.prepareTestInstance(TestContextManager.java:244)
	at org.springframework.test.context.junit.jupiter.SpringExtension.postProcessTestInstance(SpringExtension.java:98)
	at org.junit.jupiter.engine.descriptor.ClassBasedTestDescriptor.lambda$invokeTestInstancePostProcessors$5(ClassBasedTestDescriptor.java:337)
	at org.junit.jupiter.engine.descriptor.ClassBasedTestDescriptor.executeAndMaskThrowable(ClassBasedTestDescriptor.java:342)
	at org.junit.jupiter.engine.descriptor.ClassBasedTestDescriptor.lambda$invokeTestInstancePostProcessors$6(ClassBasedTestDescriptor.java:337)
	at java.base/java.util.stream.ReferencePipeline$3$1.accept(ReferencePipeline.java:195)
	at java.base/java.util.stream.ReferencePipeline$2$1.accept(ReferencePipeline.java:177)
	at java.base/java.util.ArrayList$ArrayListSpliterator.forEachRemaining(ArrayList.java:1655)
	at java.base/java.util.stream.AbstractPipeline.copyInto(AbstractPipeline.java:484)
	at java.base/java.util.stream.AbstractPipeline.wrapAndCopyInto(AbstractPipeline.java:474)
	at java.base/java.util.stream.StreamSpliterators$WrappingSpliterator.forEachRemaining(StreamSpliterators.java:312)
	at java.base/java.util.stream.Streams$ConcatSpliterator.forEachRemaining(Streams.java:735)
	at java.base/java.util.stream.Streams$ConcatSpliterator.forEachRemaining(Streams.java:734)
	at java.base/java.util.stream.ReferencePipeline$Head.forEach(ReferencePipeline.java:658)
	at org.junit.jupiter.engine.descriptor.ClassBasedTestDescriptor.invokeTestInstancePostProcessors(ClassBasedTestDescriptor.java:336)
	at org.junit.jupiter.engine.descriptor.ClassBasedTestDescriptor.instantiateAndPostProcessTestInstance(ClassBasedTestDescriptor.java:259)
	at org.junit.jupiter.engine.descriptor.ClassBasedTestDescriptor.lambda$testInstancesProvider$2(ClassBasedTestDescriptor.java:252)
	at java.base/java.util.Optional.orElseGet(Optional.java:369)
	at org.junit.jupiter.engine.descriptor.ClassBasedTestDescriptor.lambda$testInstancesProvider$3(ClassBasedTestDescriptor.java:251)
	at org.junit.jupiter.engine.execution.TestInstancesProvider.getTestInstances(TestInstancesProvider.java:29)
	at org.junit.jupiter.engine.descriptor.TestMethodTestDescriptor.lambda$prepare$0(TestMethodTestDescriptor.java:106)
	at org.junit.platform.engine.support.hierarchical.ThrowableCollector.execute(ThrowableCollector.java:73)
	at org.junit.jupiter.engine.descriptor.TestMethodTestDescriptor.prepare(TestMethodTestDescriptor.java:105)
	at org.junit.jupiter.engine.descriptor.TestMethodTestDescriptor.prepare(TestMethodTestDescriptor.java:69)
	at org.junit.platform.engine.support.hierarchical.NodeTestTask.lambda$prepare$1(NodeTestTask.java:107)
	at org.junit.platform.engine.support.hierarchical.ThrowableCollector.execute(ThrowableCollector.java:73)
	at org.junit.platform.engine.support.hierarchical.NodeTestTask.prepare(NodeTestTask.java:107)
	at org.junit.platform.engine.support.hierarchical.NodeTestTask.execute(NodeTestTask.java:75)
	at java.base/java.util.ArrayList.forEach(ArrayList.java:1541)
	at org.junit.platform.engine.support.hierarchical.SameThreadHierarchicalTestExecutorService.invokeAll(SameThreadHierarchicalTestExecutorService.java:38)
	at org.junit.platform.engine.support.hierarchical.NodeTestTask.lambda$executeRecursively$5(NodeTestTask.java:139)
	at org.junit.platform.engine.support.hierarchical.ThrowableCollector.execute(ThrowableCollector.java:73)
	at org.junit.platform.engine.support.hierarchical.NodeTestTask.lambda$executeRecursively$7(NodeTestTask.java:125)
	at org.junit.platform.engine.support.hierarchical.Node.around(Node.java:135)
	at org.junit.platform.engine.support.hierarchical.NodeTestTask.lambda$executeRecursively$8(NodeTestTask.java:123)
	at org.junit.platform.engine.support.hierarchical.ThrowableCollector.execute(ThrowableCollector.java:73)
	at org.junit.platform.engine.support.hierarchical.NodeTestTask.executeRecursively(NodeTestTask.java:122)
	at org.junit.platform.engine.support.hierarchical.NodeTestTask.execute(NodeTestTask.java:80)
	at java.base/java.util.ArrayList.forEach(ArrayList.java:1541)
	at org.junit.platform.engine.support.hierarchical.SameThreadHierarchicalTestExecutorService.invokeAll(SameThreadHierarchicalTestExecutorService.java:38)
	at org.junit.platform.engine.support.hierarchical.NodeTestTask.lambda$executeRecursively$5(NodeTestTask.java:139)
	at org.junit.platform.engine.support.hierarchical.ThrowableCollector.execute(ThrowableCollector.java:73)
	at org.junit.platform.engine.support.hierarchical.NodeTestTask.lambda$executeRecursively$7(NodeTestTask.java:125)
	at org.junit.platform.engine.support.hierarchical.Node.around(Node.java:135)
	at org.junit.platform.engine.support.hierarchical.NodeTestTask.lambda$executeRecursively$8(NodeTestTask.java:123)
	at org.junit.platform.engine.support.hierarchical.ThrowableCollector.execute(ThrowableCollector.java:73)
	at org.junit.platform.engine.support.hierarchical.NodeTestTask.executeRecursively(NodeTestTask.java:122)
	at org.junit.platform.engine.support.hierarchical.NodeTestTask.execute(NodeTestTask.java:80)
	at org.junit.platform.engine.support.hierarchical.SameThreadHierarchicalTestExecutorService.submit(SameThreadHierarchicalTestExecutorService.java:32)
	at org.junit.platform.engine.support.hierarchical.HierarchicalTestExecutor.execute(HierarchicalTestExecutor.java:57)
	at org.junit.platform.engine.support.hierarchical.HierarchicalTestEngine.execute(HierarchicalTestEngine.java:51)
	at org.junit.platform.launcher.core.DefaultLauncher.execute(DefaultLauncher.java:170)
	at org.junit.platform.launcher.core.DefaultLauncher.execute(DefaultLauncher.java:154)
	at org.junit.platform.launcher.core.DefaultLauncher.execute(DefaultLauncher.java:90)
	at org.apache.maven.surefire.junitplatform.JUnitPlatformProvider.invokeAllTests(JUnitPlatformProvider.java:142)
	at org.apache.maven.surefire.junitplatform.JUnitPlatformProvider.invoke(JUnitPlatformProvider.java:117)
	at org.apache.maven.surefire.booter.ForkedBooter.invokeProviderInSameClassLoader(ForkedBooter.java:383)
	at org.apache.maven.surefire.booter.ForkedBooter.runSuitesInProcess(ForkedBooter.java:344)
	at org.apache.maven.surefire.booter.ForkedBooter.execute(ForkedBooter.java:125)
	at org.apache.maven.surefire.booter.ForkedBooter.main(ForkedBooter.java:417)
Caused by: java.lang.NullPointerException: null
	at oms.pc_protector.util.License.getHardwareAddress(License.java:69)
	at oms.pc_protector.util.License.run(License.java:48)
	at org.springframework.boot.SpringApplication.callRunner(SpringApplication.java:784)
	... 68 common frames omitted
INFO  22:10:15.749 [main ExecutorConfigurationSupport.java:218] shutdown - Shutting down ExecutorService 'applicationTaskExecutor'
INFO  22:10:15.756 [main HikariDataSource.java:350] close - HikariPool-1 - Shutdown initiated...
INFO  22:10:15.764 [main HikariDataSource.java:352] close - HikariPool-1 - Shutdown completed.
ERROR 22:10:15.766 [main TestContextManager.java:248] prepareTestInstance - Caught exception while allowing TestExecutionListener [org.springframework.test.context.web.ServletTestExecutionListener@663411de] to prepare test instance [oms.pc_protector.PcProtectorApplicationTests@3bab95ca]
java.lang.IllegalStateException: Failed to load ApplicationContext
	at org.springframework.test.context.cache.DefaultCacheAwareContextLoaderDelegate.loadContext(DefaultCacheAwareContextLoaderDelegate.java:132)
	at org.springframework.test.context.support.DefaultTestContext.getApplicationContext(DefaultTestContext.java:123)
	at org.springframework.test.context.web.ServletTestExecutionListener.setUpRequestContextIfNecessary(ServletTestExecutionListener.java:190)
	at org.springframework.test.context.web.ServletTestExecutionListener.prepareTestInstance(ServletTestExecutionListener.java:132)
	at org.springframework.test.context.TestContextManager.prepareTestInstance(TestContextManager.java:244)
	at org.springframework.test.context.junit.jupiter.SpringExtension.postProcessTestInstance(SpringExtension.java:98)
	at org.junit.jupiter.engine.descriptor.ClassBasedTestDescriptor.lambda$invokeTestInstancePostProcessors$5(ClassBasedTestDescriptor.java:337)
	at org.junit.jupiter.engine.descriptor.ClassBasedTestDescriptor.executeAndMaskThrowable(ClassBasedTestDescriptor.java:342)
	at org.junit.jupiter.engine.descriptor.ClassBasedTestDescriptor.lambda$invokeTestInstancePostProcessors$6(ClassBasedTestDescriptor.java:337)
	at java.base/java.util.stream.ReferencePipeline$3$1.accept(ReferencePipeline.java:195)
	at java.base/java.util.stream.ReferencePipeline$2$1.accept(ReferencePipeline.java:177)
	at java.base/java.util.ArrayList$ArrayListSpliterator.forEachRemaining(ArrayList.java:1655)
	at java.base/java.util.stream.AbstractPipeline.copyInto(AbstractPipeline.java:484)
	at java.base/java.util.stream.AbstractPipeline.wrapAndCopyInto(AbstractPipeline.java:474)
	at java.base/java.util.stream.StreamSpliterators$WrappingSpliterator.forEachRemaining(StreamSpliterators.java:312)
	at java.base/java.util.stream.Streams$ConcatSpliterator.forEachRemaining(Streams.java:735)
	at java.base/java.util.stream.Streams$ConcatSpliterator.forEachRemaining(Streams.java:734)
	at java.base/java.util.stream.ReferencePipeline$Head.forEach(ReferencePipeline.java:658)
	at org.junit.jupiter.engine.descriptor.ClassBasedTestDescriptor.invokeTestInstancePostProcessors(ClassBasedTestDescriptor.java:336)
	at org.junit.jupiter.engine.descriptor.ClassBasedTestDescriptor.instantiateAndPostProcessTestInstance(ClassBasedTestDescriptor.java:259)
	at org.junit.jupiter.engine.descriptor.ClassBasedTestDescriptor.lambda$testInstancesProvider$2(ClassBasedTestDescriptor.java:252)
	at java.base/java.util.Optional.orElseGet(Optional.java:369)
	at org.junit.jupiter.engine.descriptor.ClassBasedTestDescriptor.lambda$testInstancesProvider$3(ClassBasedTestDescriptor.java:251)
	at org.junit.jupiter.engine.execution.TestInstancesProvider.getTestInstances(TestInstancesProvider.java:29)
	at org.junit.jupiter.engine.descriptor.TestMethodTestDescriptor.lambda$prepare$0(TestMethodTestDescriptor.java:106)
	at org.junit.platform.engine.support.hierarchical.ThrowableCollector.execute(ThrowableCollector.java:73)
	at org.junit.jupiter.engine.descriptor.TestMethodTestDescriptor.prepare(TestMethodTestDescriptor.java:105)
	at org.junit.jupiter.engine.descriptor.TestMethodTestDescriptor.prepare(TestMethodTestDescriptor.java:69)
	at org.junit.platform.engine.support.hierarchical.NodeTestTask.lambda$prepare$1(NodeTestTask.java:107)
	at org.junit.platform.engine.support.hierarchical.ThrowableCollector.execute(ThrowableCollector.java:73)
	at org.junit.platform.engine.support.hierarchical.NodeTestTask.prepare(NodeTestTask.java:107)
	at org.junit.platform.engine.support.hierarchical.NodeTestTask.execute(NodeTestTask.java:75)
	at java.base/java.util.ArrayList.forEach(ArrayList.java:1541)
	at org.junit.platform.engine.support.hierarchical.SameThreadHierarchicalTestExecutorService.invokeAll(SameThreadHierarchicalTestExecutorService.java:38)
	at org.junit.platform.engine.support.hierarchical.NodeTestTask.lambda$executeRecursively$5(NodeTestTask.java:139)
	at org.junit.platform.engine.support.hierarchical.ThrowableCollector.execute(ThrowableCollector.java:73)
	at org.junit.platform.engine.support.hierarchical.NodeTestTask.lambda$executeRecursively$7(NodeTestTask.java:125)
	at org.junit.platform.engine.support.hierarchical.Node.around(Node.java:135)
	at org.junit.platform.engine.support.hierarchical.NodeTestTask.lambda$executeRecursively$8(NodeTestTask.java:123)
	at org.junit.platform.engine.support.hierarchical.ThrowableCollector.execute(ThrowableCollector.java:73)
	at org.junit.platform.engine.support.hierarchical.NodeTestTask.executeRecursively(NodeTestTask.java:122)
	at org.junit.platform.engine.support.hierarchical.NodeTestTask.execute(NodeTestTask.java:80)
	at java.base/java.util.ArrayList.forEach(ArrayList.java:1541)
	at org.junit.platform.engine.support.hierarchical.SameThreadHierarchicalTestExecutorService.invokeAll(SameThreadHierarchicalTestExecutorService.java:38)
	at org.junit.platform.engine.support.hierarchical.NodeTestTask.lambda$executeRecursively$5(NodeTestTask.java:139)
	at org.junit.platform.engine.support.hierarchical.ThrowableCollector.execute(ThrowableCollector.java:73)
	at org.junit.platform.engine.support.hierarchical.NodeTestTask.lambda$executeRecursively$7(NodeTestTask.java:125)
	at org.junit.platform.engine.support.hierarchical.Node.around(Node.java:135)
	at org.junit.platform.engine.support.hierarchical.NodeTestTask.lambda$executeRecursively$8(NodeTestTask.java:123)
	at org.junit.platform.engine.support.hierarchical.ThrowableCollector.execute(ThrowableCollector.java:73)
	at org.junit.platform.engine.support.hierarchical.NodeTestTask.executeRecursively(NodeTestTask.java:122)
	at org.junit.platform.engine.support.hierarchical.NodeTestTask.execute(NodeTestTask.java:80)
	at org.junit.platform.engine.support.hierarchical.SameThreadHierarchicalTestExecutorService.submit(SameThreadHierarchicalTestExecutorService.java:32)
	at org.junit.platform.engine.support.hierarchical.HierarchicalTestExecutor.execute(HierarchicalTestExecutor.java:57)
	at org.junit.platform.engine.support.hierarchical.HierarchicalTestEngine.execute(HierarchicalTestEngine.java:51)
	at org.junit.platform.launcher.core.DefaultLauncher.execute(DefaultLauncher.java:170)
	at org.junit.platform.launcher.core.DefaultLauncher.execute(DefaultLauncher.java:154)
	at org.junit.platform.launcher.core.DefaultLauncher.execute(DefaultLauncher.java:90)
	at org.apache.maven.surefire.junitplatform.JUnitPlatformProvider.invokeAllTests(JUnitPlatformProvider.java:142)
	at org.apache.maven.surefire.junitplatform.JUnitPlatformProvider.invoke(JUnitPlatformProvider.java:117)
	at org.apache.maven.surefire.booter.ForkedBooter.invokeProviderInSameClassLoader(ForkedBooter.java:383)
	at org.apache.maven.surefire.booter.ForkedBooter.runSuitesInProcess(ForkedBooter.java:344)
	at org.apache.maven.surefire.booter.ForkedBooter.execute(ForkedBooter.java:125)
	at org.apache.maven.surefire.booter.ForkedBooter.main(ForkedBooter.java:417)
Caused by: java.lang.IllegalStateException: Failed to execute CommandLineRunner
	at org.springframework.boot.SpringApplication.callRunner(SpringApplication.java:787)
	at org.springframework.boot.SpringApplication.callRunners(SpringApplication.java:768)
	at org.springframework.boot.SpringApplication.run(SpringApplication.java:322)
	at org.springframework.boot.test.context.SpringBootContextLoader.loadContext(SpringBootContextLoader.java:126)
	at org.springframework.test.context.cache.DefaultCacheAwareContextLoaderDelegate.loadContextInternal(DefaultCacheAwareContextLoaderDelegate.java:99)
	at org.springframework.test.context.cache.DefaultCacheAwareContextLoaderDelegate.loadContext(DefaultCacheAwareContextLoaderDelegate.java:124)
	... 63 common frames omitted
Caused by: java.lang.NullPointerException: null
	at oms.pc_protector.util.License.getHardwareAddress(License.java:69)
	at oms.pc_protector.util.License.run(License.java:48)
	at org.springframework.boot.SpringApplication.callRunner(SpringApplication.java:784)
	... 68 common frames omitted
WARN  22:13:08.932 [HikariPool-1 housekeeper HikariPool.java:779] run - HikariPool-1 - Thread starvation or clock leap detected (housekeeper delta=11m39s61ms).
INFO  22:13:08.934 [restartedMain ConditionEvaluationReportLoggingListener.java:136] logMessage - 

Error starting ApplicationContext. To display the conditions report re-run your application with 'debug' enabled.
ERROR 22:13:08.949 [restartedMain SpringApplication.java:826] reportFailure - Application run failed
java.lang.IllegalStateException: Failed to execute CommandLineRunner
	at org.springframework.boot.SpringApplication.callRunner(SpringApplication.java:787)
	at org.springframework.boot.SpringApplication.callRunners(SpringApplication.java:768)
	at org.springframework.boot.SpringApplication.run(SpringApplication.java:322)
	at org.springframework.boot.SpringApplication.run(SpringApplication.java:1226)
	at org.springframework.boot.SpringApplication.run(SpringApplication.java:1215)
	at oms.pc_protector.PcProtectorApplication.main(PcProtectorApplication.java:17)
	at java.base/jdk.internal.reflect.NativeMethodAccessorImpl.invoke0(Native Method)
	at java.base/jdk.internal.reflect.NativeMethodAccessorImpl.invoke(NativeMethodAccessorImpl.java:62)
	at java.base/jdk.internal.reflect.DelegatingMethodAccessorImpl.invoke(DelegatingMethodAccessorImpl.java:43)
	at java.base/java.lang.reflect.Method.invoke(Method.java:566)
	at org.springframework.boot.devtools.restart.RestartLauncher.run(RestartLauncher.java:49)
Caused by: java.lang.NullPointerException: null
	at oms.pc_protector.util.License.getHardwareAddress(License.java:69)
	at oms.pc_protector.util.License.run(License.java:48)
	at org.springframework.boot.SpringApplication.callRunner(SpringApplication.java:784)
	... 10 common frames omitted
INFO  22:13:08.956 [restartedMain ExecutorConfigurationSupport.java:218] shutdown - Shutting down ExecutorService 'applicationTaskExecutor'
INFO  22:13:08.958 [restartedMain HikariDataSource.java:350] close - HikariPool-1 - Shutdown initiated...
INFO  22:13:08.965 [restartedMain HikariDataSource.java:352] close - HikariPool-1 - Shutdown completed.
WARN  22:13:16.472 [main DuplicateJsonObjectContextCustomizerFactory.java:78] logDuplicateJsonObjectsWarning - 

Found multiple occurrences of org.json.JSONObject on the class path:

	jar:file:/Users/kimjiho/.m2/repository/org/json/json/20180813/json-20180813.jar!/org/json/JSONObject.class
	jar:file:/Users/kimjiho/.m2/repository/com/vaadin/external/google/android-json/0.0.20131108.vaadin1/android-json-0.0.20131108.vaadin1.jar!/org/json/JSONObject.class

You may wish to exclude one of them to ensure predictable runtime behavior

INFO  22:13:16.493 [main StartupInfoLogger.java:55] logStarting - Starting PcProtectorApplicationTests on gimjihoui-iMac.local with PID 11721 (started by kimjiho in /Users/kimjiho/Desktop/PcProtector_Server)
INFO  22:13:16.495 [main SpringApplication.java:655] logStartupProfileInfo - The following profiles are active: real-db,local
INFO  22:13:18.731 [main HikariDataSource.java:110] getConnection - HikariPool-1 - Starting...
INFO  22:13:18.843 [main HikariDataSource.java:123] getConnection - HikariPool-1 - Start completed.
INFO  22:13:18.896 [main SchedulerService.java:169] cronJobSch - start : 2020-10-22 00:00:00
INFO  22:13:18.897 [main SchedulerService.java:170] cronJobSch - next_start : 2020-10-23
INFO  22:13:18.899 [main SchedulerService.java:171] cronJobSch - end : 2020-10-22 23:59:59
INFO  22:13:18.902 [main SchedulerService.java:172] cronJobSch - next_end : 2020-10-23
INFO  22:13:18.903 [main SchedulerService.java:173] cronJobSch - now : 2020-10-22 22:13:18
INFO  22:13:18.906 [main SchedulerService.java:174] cronJobSch - dash_start : 2020-10-22
INFO  22:13:18.907 [main SchedulerService.java:175] cronJobSch - dash_end : 2020-10-22
INFO  22:13:19.365 [main DefaultSecurityFilterChain.java:43] <init> - Creating filter chain: any request, [org.springframework.security.web.context.request.async.WebAsyncManagerIntegrationFilter@935493d, org.springframework.security.web.context.SecurityContextPersistenceFilter@64279ab, org.springframework.security.web.header.HeaderWriterFilter@194012a2, org.springframework.web.filter.CorsFilter@9b367c8, org.springframework.security.web.authentication.logout.LogoutFilter@5396eeb1, oms.pc_protector.jwt.JwtAuthenticationFilter@34c62fdf, oms.pc_protector.jwt.JwtAuthorizationFilter@3de79067, org.springframework.security.web.savedrequest.RequestCacheAwareFilter@5a30722c, org.springframework.security.web.servletapi.SecurityContextHolderAwareRequestFilter@4f5f474c, org.springframework.security.web.authentication.AnonymousAuthenticationFilter@1eb85a47, org.springframework.security.web.session.SessionManagementFilter@29c53c4f, org.springframework.security.web.access.ExceptionTranslationFilter@4fb64a52, org.springframework.security.web.access.intercept.FilterSecurityInterceptor@7e191fda]
INFO  22:13:19.837 [main ExecutorConfigurationSupport.java:181] initialize - Initializing ExecutorService 'applicationTaskExecutor'
INFO  22:13:20.298 [main ExecutorConfigurationSupport.java:181] initialize - Initializing ExecutorService
INFO  22:13:20.307 [main StartupInfoLogger.java:61] logStarted - Started PcProtectorApplicationTests in 9.603 seconds (JVM running for 11.761)
INFO  22:13:20.317 [main ConditionEvaluationReportLoggingListener.java:136] logMessage - 

Error starting ApplicationContext. To display the conditions report re-run your application with 'debug' enabled.
ERROR 22:13:20.320 [main SpringApplication.java:826] reportFailure - Application run failed
java.lang.IllegalStateException: Failed to execute CommandLineRunner
	at org.springframework.boot.SpringApplication.callRunner(SpringApplication.java:787)
	at org.springframework.boot.SpringApplication.callRunners(SpringApplication.java:768)
	at org.springframework.boot.SpringApplication.run(SpringApplication.java:322)
	at org.springframework.boot.test.context.SpringBootContextLoader.loadContext(SpringBootContextLoader.java:126)
	at org.springframework.test.context.cache.DefaultCacheAwareContextLoaderDelegate.loadContextInternal(DefaultCacheAwareContextLoaderDelegate.java:99)
	at org.springframework.test.context.cache.DefaultCacheAwareContextLoaderDelegate.loadContext(DefaultCacheAwareContextLoaderDelegate.java:124)
	at org.springframework.test.context.support.DefaultTestContext.getApplicationContext(DefaultTestContext.java:123)
	at org.springframework.test.context.web.ServletTestExecutionListener.setUpRequestContextIfNecessary(ServletTestExecutionListener.java:190)
	at org.springframework.test.context.web.ServletTestExecutionListener.prepareTestInstance(ServletTestExecutionListener.java:132)
	at org.springframework.test.context.TestContextManager.prepareTestInstance(TestContextManager.java:244)
	at org.springframework.test.context.junit.jupiter.SpringExtension.postProcessTestInstance(SpringExtension.java:98)
	at org.junit.jupiter.engine.descriptor.ClassBasedTestDescriptor.lambda$invokeTestInstancePostProcessors$5(ClassBasedTestDescriptor.java:337)
	at org.junit.jupiter.engine.descriptor.ClassBasedTestDescriptor.executeAndMaskThrowable(ClassBasedTestDescriptor.java:342)
	at org.junit.jupiter.engine.descriptor.ClassBasedTestDescriptor.lambda$invokeTestInstancePostProcessors$6(ClassBasedTestDescriptor.java:337)
	at java.base/java.util.stream.ReferencePipeline$3$1.accept(ReferencePipeline.java:195)
	at java.base/java.util.stream.ReferencePipeline$2$1.accept(ReferencePipeline.java:177)
	at java.base/java.util.ArrayList$ArrayListSpliterator.forEachRemaining(ArrayList.java:1655)
	at java.base/java.util.stream.AbstractPipeline.copyInto(AbstractPipeline.java:484)
	at java.base/java.util.stream.AbstractPipeline.wrapAndCopyInto(AbstractPipeline.java:474)
	at java.base/java.util.stream.StreamSpliterators$WrappingSpliterator.forEachRemaining(StreamSpliterators.java:312)
	at java.base/java.util.stream.Streams$ConcatSpliterator.forEachRemaining(Streams.java:735)
	at java.base/java.util.stream.Streams$ConcatSpliterator.forEachRemaining(Streams.java:734)
	at java.base/java.util.stream.ReferencePipeline$Head.forEach(ReferencePipeline.java:658)
	at org.junit.jupiter.engine.descriptor.ClassBasedTestDescriptor.invokeTestInstancePostProcessors(ClassBasedTestDescriptor.java:336)
	at org.junit.jupiter.engine.descriptor.ClassBasedTestDescriptor.instantiateAndPostProcessTestInstance(ClassBasedTestDescriptor.java:259)
	at org.junit.jupiter.engine.descriptor.ClassBasedTestDescriptor.lambda$testInstancesProvider$2(ClassBasedTestDescriptor.java:252)
	at java.base/java.util.Optional.orElseGet(Optional.java:369)
	at org.junit.jupiter.engine.descriptor.ClassBasedTestDescriptor.lambda$testInstancesProvider$3(ClassBasedTestDescriptor.java:251)
	at org.junit.jupiter.engine.execution.TestInstancesProvider.getTestInstances(TestInstancesProvider.java:29)
	at org.junit.jupiter.engine.descriptor.TestMethodTestDescriptor.lambda$prepare$0(TestMethodTestDescriptor.java:106)
	at org.junit.platform.engine.support.hierarchical.ThrowableCollector.execute(ThrowableCollector.java:73)
	at org.junit.jupiter.engine.descriptor.TestMethodTestDescriptor.prepare(TestMethodTestDescriptor.java:105)
	at org.junit.jupiter.engine.descriptor.TestMethodTestDescriptor.prepare(TestMethodTestDescriptor.java:69)
	at org.junit.platform.engine.support.hierarchical.NodeTestTask.lambda$prepare$1(NodeTestTask.java:107)
	at org.junit.platform.engine.support.hierarchical.ThrowableCollector.execute(ThrowableCollector.java:73)
	at org.junit.platform.engine.support.hierarchical.NodeTestTask.prepare(NodeTestTask.java:107)
	at org.junit.platform.engine.support.hierarchical.NodeTestTask.execute(NodeTestTask.java:75)
	at java.base/java.util.ArrayList.forEach(ArrayList.java:1541)
	at org.junit.platform.engine.support.hierarchical.SameThreadHierarchicalTestExecutorService.invokeAll(SameThreadHierarchicalTestExecutorService.java:38)
	at org.junit.platform.engine.support.hierarchical.NodeTestTask.lambda$executeRecursively$5(NodeTestTask.java:139)
	at org.junit.platform.engine.support.hierarchical.ThrowableCollector.execute(ThrowableCollector.java:73)
	at org.junit.platform.engine.support.hierarchical.NodeTestTask.lambda$executeRecursively$7(NodeTestTask.java:125)
	at org.junit.platform.engine.support.hierarchical.Node.around(Node.java:135)
	at org.junit.platform.engine.support.hierarchical.NodeTestTask.lambda$executeRecursively$8(NodeTestTask.java:123)
	at org.junit.platform.engine.support.hierarchical.ThrowableCollector.execute(ThrowableCollector.java:73)
	at org.junit.platform.engine.support.hierarchical.NodeTestTask.executeRecursively(NodeTestTask.java:122)
	at org.junit.platform.engine.support.hierarchical.NodeTestTask.execute(NodeTestTask.java:80)
	at java.base/java.util.ArrayList.forEach(ArrayList.java:1541)
	at org.junit.platform.engine.support.hierarchical.SameThreadHierarchicalTestExecutorService.invokeAll(SameThreadHierarchicalTestExecutorService.java:38)
	at org.junit.platform.engine.support.hierarchical.NodeTestTask.lambda$executeRecursively$5(NodeTestTask.java:139)
	at org.junit.platform.engine.support.hierarchical.ThrowableCollector.execute(ThrowableCollector.java:73)
	at org.junit.platform.engine.support.hierarchical.NodeTestTask.lambda$executeRecursively$7(NodeTestTask.java:125)
	at org.junit.platform.engine.support.hierarchical.Node.around(Node.java:135)
	at org.junit.platform.engine.support.hierarchical.NodeTestTask.lambda$executeRecursively$8(NodeTestTask.java:123)
	at org.junit.platform.engine.support.hierarchical.ThrowableCollector.execute(ThrowableCollector.java:73)
	at org.junit.platform.engine.support.hierarchical.NodeTestTask.executeRecursively(NodeTestTask.java:122)
	at org.junit.platform.engine.support.hierarchical.NodeTestTask.execute(NodeTestTask.java:80)
	at org.junit.platform.engine.support.hierarchical.SameThreadHierarchicalTestExecutorService.submit(SameThreadHierarchicalTestExecutorService.java:32)
	at org.junit.platform.engine.support.hierarchical.HierarchicalTestExecutor.execute(HierarchicalTestExecutor.java:57)
	at org.junit.platform.engine.support.hierarchical.HierarchicalTestEngine.execute(HierarchicalTestEngine.java:51)
	at org.junit.platform.launcher.core.DefaultLauncher.execute(DefaultLauncher.java:170)
	at org.junit.platform.launcher.core.DefaultLauncher.execute(DefaultLauncher.java:154)
	at org.junit.platform.launcher.core.DefaultLauncher.execute(DefaultLauncher.java:90)
	at org.apache.maven.surefire.junitplatform.JUnitPlatformProvider.invokeAllTests(JUnitPlatformProvider.java:142)
	at org.apache.maven.surefire.junitplatform.JUnitPlatformProvider.invoke(JUnitPlatformProvider.java:117)
	at org.apache.maven.surefire.booter.ForkedBooter.invokeProviderInSameClassLoader(ForkedBooter.java:383)
	at org.apache.maven.surefire.booter.ForkedBooter.runSuitesInProcess(ForkedBooter.java:344)
	at org.apache.maven.surefire.booter.ForkedBooter.execute(ForkedBooter.java:125)
	at org.apache.maven.surefire.booter.ForkedBooter.main(ForkedBooter.java:417)
Caused by: java.lang.NullPointerException: null
	at oms.pc_protector.util.License.getHardwareAddress(License.java:69)
	at oms.pc_protector.util.License.run(License.java:48)
	at org.springframework.boot.SpringApplication.callRunner(SpringApplication.java:784)
	... 68 common frames omitted
INFO  22:13:20.329 [main ExecutorConfigurationSupport.java:218] shutdown - Shutting down ExecutorService 'applicationTaskExecutor'
INFO  22:13:20.338 [main HikariDataSource.java:350] close - HikariPool-1 - Shutdown initiated...
INFO  22:13:20.345 [main HikariDataSource.java:352] close - HikariPool-1 - Shutdown completed.
ERROR 22:13:20.347 [main TestContextManager.java:248] prepareTestInstance - Caught exception while allowing TestExecutionListener [org.springframework.test.context.web.ServletTestExecutionListener@2cc44ad] to prepare test instance [oms.pc_protector.PcProtectorApplicationTests@1d637673]
java.lang.IllegalStateException: Failed to load ApplicationContext
	at org.springframework.test.context.cache.DefaultCacheAwareContextLoaderDelegate.loadContext(DefaultCacheAwareContextLoaderDelegate.java:132)
	at org.springframework.test.context.support.DefaultTestContext.getApplicationContext(DefaultTestContext.java:123)
	at org.springframework.test.context.web.ServletTestExecutionListener.setUpRequestContextIfNecessary(ServletTestExecutionListener.java:190)
	at org.springframework.test.context.web.ServletTestExecutionListener.prepareTestInstance(ServletTestExecutionListener.java:132)
	at org.springframework.test.context.TestContextManager.prepareTestInstance(TestContextManager.java:244)
	at org.springframework.test.context.junit.jupiter.SpringExtension.postProcessTestInstance(SpringExtension.java:98)
	at org.junit.jupiter.engine.descriptor.ClassBasedTestDescriptor.lambda$invokeTestInstancePostProcessors$5(ClassBasedTestDescriptor.java:337)
	at org.junit.jupiter.engine.descriptor.ClassBasedTestDescriptor.executeAndMaskThrowable(ClassBasedTestDescriptor.java:342)
	at org.junit.jupiter.engine.descriptor.ClassBasedTestDescriptor.lambda$invokeTestInstancePostProcessors$6(ClassBasedTestDescriptor.java:337)
	at java.base/java.util.stream.ReferencePipeline$3$1.accept(ReferencePipeline.java:195)
	at java.base/java.util.stream.ReferencePipeline$2$1.accept(ReferencePipeline.java:177)
	at java.base/java.util.ArrayList$ArrayListSpliterator.forEachRemaining(ArrayList.java:1655)
	at java.base/java.util.stream.AbstractPipeline.copyInto(AbstractPipeline.java:484)
	at java.base/java.util.stream.AbstractPipeline.wrapAndCopyInto(AbstractPipeline.java:474)
	at java.base/java.util.stream.StreamSpliterators$WrappingSpliterator.forEachRemaining(StreamSpliterators.java:312)
	at java.base/java.util.stream.Streams$ConcatSpliterator.forEachRemaining(Streams.java:735)
	at java.base/java.util.stream.Streams$ConcatSpliterator.forEachRemaining(Streams.java:734)
	at java.base/java.util.stream.ReferencePipeline$Head.forEach(ReferencePipeline.java:658)
	at org.junit.jupiter.engine.descriptor.ClassBasedTestDescriptor.invokeTestInstancePostProcessors(ClassBasedTestDescriptor.java:336)
	at org.junit.jupiter.engine.descriptor.ClassBasedTestDescriptor.instantiateAndPostProcessTestInstance(ClassBasedTestDescriptor.java:259)
	at org.junit.jupiter.engine.descriptor.ClassBasedTestDescriptor.lambda$testInstancesProvider$2(ClassBasedTestDescriptor.java:252)
	at java.base/java.util.Optional.orElseGet(Optional.java:369)
	at org.junit.jupiter.engine.descriptor.ClassBasedTestDescriptor.lambda$testInstancesProvider$3(ClassBasedTestDescriptor.java:251)
	at org.junit.jupiter.engine.execution.TestInstancesProvider.getTestInstances(TestInstancesProvider.java:29)
	at org.junit.jupiter.engine.descriptor.TestMethodTestDescriptor.lambda$prepare$0(TestMethodTestDescriptor.java:106)
	at org.junit.platform.engine.support.hierarchical.ThrowableCollector.execute(ThrowableCollector.java:73)
	at org.junit.jupiter.engine.descriptor.TestMethodTestDescriptor.prepare(TestMethodTestDescriptor.java:105)
	at org.junit.jupiter.engine.descriptor.TestMethodTestDescriptor.prepare(TestMethodTestDescriptor.java:69)
	at org.junit.platform.engine.support.hierarchical.NodeTestTask.lambda$prepare$1(NodeTestTask.java:107)
	at org.junit.platform.engine.support.hierarchical.ThrowableCollector.execute(ThrowableCollector.java:73)
	at org.junit.platform.engine.support.hierarchical.NodeTestTask.prepare(NodeTestTask.java:107)
	at org.junit.platform.engine.support.hierarchical.NodeTestTask.execute(NodeTestTask.java:75)
	at java.base/java.util.ArrayList.forEach(ArrayList.java:1541)
	at org.junit.platform.engine.support.hierarchical.SameThreadHierarchicalTestExecutorService.invokeAll(SameThreadHierarchicalTestExecutorService.java:38)
	at org.junit.platform.engine.support.hierarchical.NodeTestTask.lambda$executeRecursively$5(NodeTestTask.java:139)
	at org.junit.platform.engine.support.hierarchical.ThrowableCollector.execute(ThrowableCollector.java:73)
	at org.junit.platform.engine.support.hierarchical.NodeTestTask.lambda$executeRecursively$7(NodeTestTask.java:125)
	at org.junit.platform.engine.support.hierarchical.Node.around(Node.java:135)
	at org.junit.platform.engine.support.hierarchical.NodeTestTask.lambda$executeRecursively$8(NodeTestTask.java:123)
	at org.junit.platform.engine.support.hierarchical.ThrowableCollector.execute(ThrowableCollector.java:73)
	at org.junit.platform.engine.support.hierarchical.NodeTestTask.executeRecursively(NodeTestTask.java:122)
	at org.junit.platform.engine.support.hierarchical.NodeTestTask.execute(NodeTestTask.java:80)
	at java.base/java.util.ArrayList.forEach(ArrayList.java:1541)
	at org.junit.platform.engine.support.hierarchical.SameThreadHierarchicalTestExecutorService.invokeAll(SameThreadHierarchicalTestExecutorService.java:38)
	at org.junit.platform.engine.support.hierarchical.NodeTestTask.lambda$executeRecursively$5(NodeTestTask.java:139)
	at org.junit.platform.engine.support.hierarchical.ThrowableCollector.execute(ThrowableCollector.java:73)
	at org.junit.platform.engine.support.hierarchical.NodeTestTask.lambda$executeRecursively$7(NodeTestTask.java:125)
	at org.junit.platform.engine.support.hierarchical.Node.around(Node.java:135)
	at org.junit.platform.engine.support.hierarchical.NodeTestTask.lambda$executeRecursively$8(NodeTestTask.java:123)
	at org.junit.platform.engine.support.hierarchical.ThrowableCollector.execute(ThrowableCollector.java:73)
	at org.junit.platform.engine.support.hierarchical.NodeTestTask.executeRecursively(NodeTestTask.java:122)
	at org.junit.platform.engine.support.hierarchical.NodeTestTask.execute(NodeTestTask.java:80)
	at org.junit.platform.engine.support.hierarchical.SameThreadHierarchicalTestExecutorService.submit(SameThreadHierarchicalTestExecutorService.java:32)
	at org.junit.platform.engine.support.hierarchical.HierarchicalTestExecutor.execute(HierarchicalTestExecutor.java:57)
	at org.junit.platform.engine.support.hierarchical.HierarchicalTestEngine.execute(HierarchicalTestEngine.java:51)
	at org.junit.platform.launcher.core.DefaultLauncher.execute(DefaultLauncher.java:170)
	at org.junit.platform.launcher.core.DefaultLauncher.execute(DefaultLauncher.java:154)
	at org.junit.platform.launcher.core.DefaultLauncher.execute(DefaultLauncher.java:90)
	at org.apache.maven.surefire.junitplatform.JUnitPlatformProvider.invokeAllTests(JUnitPlatformProvider.java:142)
	at org.apache.maven.surefire.junitplatform.JUnitPlatformProvider.invoke(JUnitPlatformProvider.java:117)
	at org.apache.maven.surefire.booter.ForkedBooter.invokeProviderInSameClassLoader(ForkedBooter.java:383)
	at org.apache.maven.surefire.booter.ForkedBooter.runSuitesInProcess(ForkedBooter.java:344)
	at org.apache.maven.surefire.booter.ForkedBooter.execute(ForkedBooter.java:125)
	at org.apache.maven.surefire.booter.ForkedBooter.main(ForkedBooter.java:417)
Caused by: java.lang.IllegalStateException: Failed to execute CommandLineRunner
	at org.springframework.boot.SpringApplication.callRunner(SpringApplication.java:787)
	at org.springframework.boot.SpringApplication.callRunners(SpringApplication.java:768)
	at org.springframework.boot.SpringApplication.run(SpringApplication.java:322)
	at org.springframework.boot.test.context.SpringBootContextLoader.loadContext(SpringBootContextLoader.java:126)
	at org.springframework.test.context.cache.DefaultCacheAwareContextLoaderDelegate.loadContextInternal(DefaultCacheAwareContextLoaderDelegate.java:99)
	at org.springframework.test.context.cache.DefaultCacheAwareContextLoaderDelegate.loadContext(DefaultCacheAwareContextLoaderDelegate.java:124)
	... 63 common frames omitted
Caused by: java.lang.NullPointerException: null
	at oms.pc_protector.util.License.getHardwareAddress(License.java:69)
	at oms.pc_protector.util.License.run(License.java:48)
	at org.springframework.boot.SpringApplication.callRunner(SpringApplication.java:784)
	... 68 common frames omitted
WARN  22:13:37.412 [main DuplicateJsonObjectContextCustomizerFactory.java:78] logDuplicateJsonObjectsWarning - 

Found multiple occurrences of org.json.JSONObject on the class path:

	jar:file:/Users/kimjiho/.m2/repository/org/json/json/20180813/json-20180813.jar!/org/json/JSONObject.class
	jar:file:/Users/kimjiho/.m2/repository/com/vaadin/external/google/android-json/0.0.20131108.vaadin1/android-json-0.0.20131108.vaadin1.jar!/org/json/JSONObject.class

You may wish to exclude one of them to ensure predictable runtime behavior

INFO  22:13:37.430 [main StartupInfoLogger.java:55] logStarting - Starting PcProtectorApplicationTests on gimjihoui-iMac.local with PID 11755 (started by kimjiho in /Users/kimjiho/Desktop/PcProtector_Server)
INFO  22:13:37.431 [main SpringApplication.java:655] logStartupProfileInfo - The following profiles are active: real-db,local
INFO  22:13:39.396 [main HikariDataSource.java:110] getConnection - HikariPool-1 - Starting...
INFO  22:13:39.483 [main HikariDataSource.java:123] getConnection - HikariPool-1 - Start completed.
INFO  22:13:39.530 [main SchedulerService.java:169] cronJobSch - start : 2020-10-22 00:00:00
INFO  22:13:39.531 [main SchedulerService.java:170] cronJobSch - next_start : 2020-10-23
INFO  22:13:39.533 [main SchedulerService.java:171] cronJobSch - end : 2020-10-22 23:59:59
INFO  22:13:39.534 [main SchedulerService.java:172] cronJobSch - next_end : 2020-10-23
INFO  22:13:39.535 [main SchedulerService.java:173] cronJobSch - now : 2020-10-22 22:13:39
INFO  22:13:39.535 [main SchedulerService.java:174] cronJobSch - dash_start : 2020-10-22
INFO  22:13:39.536 [main SchedulerService.java:175] cronJobSch - dash_end : 2020-10-22
INFO  22:13:39.967 [main DefaultSecurityFilterChain.java:43] <init> - Creating filter chain: any request, [org.springframework.security.web.context.request.async.WebAsyncManagerIntegrationFilter@1eb85a47, org.springframework.security.web.context.SecurityContextPersistenceFilter@4f2ac7e0, org.springframework.security.web.header.HeaderWriterFilter@3009eed7, org.springframework.web.filter.CorsFilter@ca7e37f, org.springframework.security.web.authentication.logout.LogoutFilter@3b5a19ed, oms.pc_protector.jwt.JwtAuthenticationFilter@99a8de3, oms.pc_protector.jwt.JwtAuthorizationFilter@87f501f, org.springframework.security.web.savedrequest.RequestCacheAwareFilter@48e41b5d, org.springframework.security.web.servletapi.SecurityContextHolderAwareRequestFilter@4a1a412e, org.springframework.security.web.authentication.AnonymousAuthenticationFilter@54495935, org.springframework.security.web.session.SessionManagementFilter@64279ab, org.springframework.security.web.access.ExceptionTranslationFilter@77083e41, org.springframework.security.web.access.intercept.FilterSecurityInterceptor@e3899fd]
INFO  22:13:40.347 [main ExecutorConfigurationSupport.java:181] initialize - Initializing ExecutorService 'applicationTaskExecutor'
INFO  22:13:40.724 [main ExecutorConfigurationSupport.java:181] initialize - Initializing ExecutorService
INFO  22:13:40.730 [main StartupInfoLogger.java:61] logStarted - Started PcProtectorApplicationTests in 8.807 seconds (JVM running for 9.887)
INFO  22:13:40.739 [main ConditionEvaluationReportLoggingListener.java:136] logMessage - 

Error starting ApplicationContext. To display the conditions report re-run your application with 'debug' enabled.
ERROR 22:13:40.742 [main SpringApplication.java:826] reportFailure - Application run failed
java.lang.IllegalStateException: Failed to execute CommandLineRunner
	at org.springframework.boot.SpringApplication.callRunner(SpringApplication.java:787)
	at org.springframework.boot.SpringApplication.callRunners(SpringApplication.java:768)
	at org.springframework.boot.SpringApplication.run(SpringApplication.java:322)
	at org.springframework.boot.test.context.SpringBootContextLoader.loadContext(SpringBootContextLoader.java:126)
	at org.springframework.test.context.cache.DefaultCacheAwareContextLoaderDelegate.loadContextInternal(DefaultCacheAwareContextLoaderDelegate.java:99)
	at org.springframework.test.context.cache.DefaultCacheAwareContextLoaderDelegate.loadContext(DefaultCacheAwareContextLoaderDelegate.java:124)
	at org.springframework.test.context.support.DefaultTestContext.getApplicationContext(DefaultTestContext.java:123)
	at org.springframework.test.context.web.ServletTestExecutionListener.setUpRequestContextIfNecessary(ServletTestExecutionListener.java:190)
	at org.springframework.test.context.web.ServletTestExecutionListener.prepareTestInstance(ServletTestExecutionListener.java:132)
	at org.springframework.test.context.TestContextManager.prepareTestInstance(TestContextManager.java:244)
	at org.springframework.test.context.junit.jupiter.SpringExtension.postProcessTestInstance(SpringExtension.java:98)
	at org.junit.jupiter.engine.descriptor.ClassBasedTestDescriptor.lambda$invokeTestInstancePostProcessors$5(ClassBasedTestDescriptor.java:337)
	at org.junit.jupiter.engine.descriptor.ClassBasedTestDescriptor.executeAndMaskThrowable(ClassBasedTestDescriptor.java:342)
	at org.junit.jupiter.engine.descriptor.ClassBasedTestDescriptor.lambda$invokeTestInstancePostProcessors$6(ClassBasedTestDescriptor.java:337)
	at java.base/java.util.stream.ReferencePipeline$3$1.accept(ReferencePipeline.java:195)
	at java.base/java.util.stream.ReferencePipeline$2$1.accept(ReferencePipeline.java:177)
	at java.base/java.util.ArrayList$ArrayListSpliterator.forEachRemaining(ArrayList.java:1655)
	at java.base/java.util.stream.AbstractPipeline.copyInto(AbstractPipeline.java:484)
	at java.base/java.util.stream.AbstractPipeline.wrapAndCopyInto(AbstractPipeline.java:474)
	at java.base/java.util.stream.StreamSpliterators$WrappingSpliterator.forEachRemaining(StreamSpliterators.java:312)
	at java.base/java.util.stream.Streams$ConcatSpliterator.forEachRemaining(Streams.java:735)
	at java.base/java.util.stream.Streams$ConcatSpliterator.forEachRemaining(Streams.java:734)
	at java.base/java.util.stream.ReferencePipeline$Head.forEach(ReferencePipeline.java:658)
	at org.junit.jupiter.engine.descriptor.ClassBasedTestDescriptor.invokeTestInstancePostProcessors(ClassBasedTestDescriptor.java:336)
	at org.junit.jupiter.engine.descriptor.ClassBasedTestDescriptor.instantiateAndPostProcessTestInstance(ClassBasedTestDescriptor.java:259)
	at org.junit.jupiter.engine.descriptor.ClassBasedTestDescriptor.lambda$testInstancesProvider$2(ClassBasedTestDescriptor.java:252)
	at java.base/java.util.Optional.orElseGet(Optional.java:369)
	at org.junit.jupiter.engine.descriptor.ClassBasedTestDescriptor.lambda$testInstancesProvider$3(ClassBasedTestDescriptor.java:251)
	at org.junit.jupiter.engine.execution.TestInstancesProvider.getTestInstances(TestInstancesProvider.java:29)
	at org.junit.jupiter.engine.descriptor.TestMethodTestDescriptor.lambda$prepare$0(TestMethodTestDescriptor.java:106)
	at org.junit.platform.engine.support.hierarchical.ThrowableCollector.execute(ThrowableCollector.java:73)
	at org.junit.jupiter.engine.descriptor.TestMethodTestDescriptor.prepare(TestMethodTestDescriptor.java:105)
	at org.junit.jupiter.engine.descriptor.TestMethodTestDescriptor.prepare(TestMethodTestDescriptor.java:69)
	at org.junit.platform.engine.support.hierarchical.NodeTestTask.lambda$prepare$1(NodeTestTask.java:107)
	at org.junit.platform.engine.support.hierarchical.ThrowableCollector.execute(ThrowableCollector.java:73)
	at org.junit.platform.engine.support.hierarchical.NodeTestTask.prepare(NodeTestTask.java:107)
	at org.junit.platform.engine.support.hierarchical.NodeTestTask.execute(NodeTestTask.java:75)
	at java.base/java.util.ArrayList.forEach(ArrayList.java:1541)
	at org.junit.platform.engine.support.hierarchical.SameThreadHierarchicalTestExecutorService.invokeAll(SameThreadHierarchicalTestExecutorService.java:38)
	at org.junit.platform.engine.support.hierarchical.NodeTestTask.lambda$executeRecursively$5(NodeTestTask.java:139)
	at org.junit.platform.engine.support.hierarchical.ThrowableCollector.execute(ThrowableCollector.java:73)
	at org.junit.platform.engine.support.hierarchical.NodeTestTask.lambda$executeRecursively$7(NodeTestTask.java:125)
	at org.junit.platform.engine.support.hierarchical.Node.around(Node.java:135)
	at org.junit.platform.engine.support.hierarchical.NodeTestTask.lambda$executeRecursively$8(NodeTestTask.java:123)
	at org.junit.platform.engine.support.hierarchical.ThrowableCollector.execute(ThrowableCollector.java:73)
	at org.junit.platform.engine.support.hierarchical.NodeTestTask.executeRecursively(NodeTestTask.java:122)
	at org.junit.platform.engine.support.hierarchical.NodeTestTask.execute(NodeTestTask.java:80)
	at java.base/java.util.ArrayList.forEach(ArrayList.java:1541)
	at org.junit.platform.engine.support.hierarchical.SameThreadHierarchicalTestExecutorService.invokeAll(SameThreadHierarchicalTestExecutorService.java:38)
	at org.junit.platform.engine.support.hierarchical.NodeTestTask.lambda$executeRecursively$5(NodeTestTask.java:139)
	at org.junit.platform.engine.support.hierarchical.ThrowableCollector.execute(ThrowableCollector.java:73)
	at org.junit.platform.engine.support.hierarchical.NodeTestTask.lambda$executeRecursively$7(NodeTestTask.java:125)
	at org.junit.platform.engine.support.hierarchical.Node.around(Node.java:135)
	at org.junit.platform.engine.support.hierarchical.NodeTestTask.lambda$executeRecursively$8(NodeTestTask.java:123)
	at org.junit.platform.engine.support.hierarchical.ThrowableCollector.execute(ThrowableCollector.java:73)
	at org.junit.platform.engine.support.hierarchical.NodeTestTask.executeRecursively(NodeTestTask.java:122)
	at org.junit.platform.engine.support.hierarchical.NodeTestTask.execute(NodeTestTask.java:80)
	at org.junit.platform.engine.support.hierarchical.SameThreadHierarchicalTestExecutorService.submit(SameThreadHierarchicalTestExecutorService.java:32)
	at org.junit.platform.engine.support.hierarchical.HierarchicalTestExecutor.execute(HierarchicalTestExecutor.java:57)
	at org.junit.platform.engine.support.hierarchical.HierarchicalTestEngine.execute(HierarchicalTestEngine.java:51)
	at org.junit.platform.launcher.core.DefaultLauncher.execute(DefaultLauncher.java:170)
	at org.junit.platform.launcher.core.DefaultLauncher.execute(DefaultLauncher.java:154)
	at org.junit.platform.launcher.core.DefaultLauncher.execute(DefaultLauncher.java:90)
	at org.apache.maven.surefire.junitplatform.JUnitPlatformProvider.invokeAllTests(JUnitPlatformProvider.java:142)
	at org.apache.maven.surefire.junitplatform.JUnitPlatformProvider.invoke(JUnitPlatformProvider.java:117)
	at org.apache.maven.surefire.booter.ForkedBooter.invokeProviderInSameClassLoader(ForkedBooter.java:383)
	at org.apache.maven.surefire.booter.ForkedBooter.runSuitesInProcess(ForkedBooter.java:344)
	at org.apache.maven.surefire.booter.ForkedBooter.execute(ForkedBooter.java:125)
	at org.apache.maven.surefire.booter.ForkedBooter.main(ForkedBooter.java:417)
Caused by: java.lang.NullPointerException: null
	at oms.pc_protector.util.License.getHardwareAddress(License.java:69)
	at oms.pc_protector.util.License.run(License.java:48)
	at org.springframework.boot.SpringApplication.callRunner(SpringApplication.java:784)
	... 68 common frames omitted
INFO  22:13:40.746 [main ExecutorConfigurationSupport.java:218] shutdown - Shutting down ExecutorService 'applicationTaskExecutor'
INFO  22:13:40.750 [main HikariDataSource.java:350] close - HikariPool-1 - Shutdown initiated...
INFO  22:13:40.765 [main HikariDataSource.java:352] close - HikariPool-1 - Shutdown completed.
ERROR 22:13:40.767 [main TestContextManager.java:248] prepareTestInstance - Caught exception while allowing TestExecutionListener [org.springframework.test.context.web.ServletTestExecutionListener@663411de] to prepare test instance [oms.pc_protector.PcProtectorApplicationTests@443af394]
java.lang.IllegalStateException: Failed to load ApplicationContext
	at org.springframework.test.context.cache.DefaultCacheAwareContextLoaderDelegate.loadContext(DefaultCacheAwareContextLoaderDelegate.java:132)
	at org.springframework.test.context.support.DefaultTestContext.getApplicationContext(DefaultTestContext.java:123)
	at org.springframework.test.context.web.ServletTestExecutionListener.setUpRequestContextIfNecessary(ServletTestExecutionListener.java:190)
	at org.springframework.test.context.web.ServletTestExecutionListener.prepareTestInstance(ServletTestExecutionListener.java:132)
	at org.springframework.test.context.TestContextManager.prepareTestInstance(TestContextManager.java:244)
	at org.springframework.test.context.junit.jupiter.SpringExtension.postProcessTestInstance(SpringExtension.java:98)
	at org.junit.jupiter.engine.descriptor.ClassBasedTestDescriptor.lambda$invokeTestInstancePostProcessors$5(ClassBasedTestDescriptor.java:337)
	at org.junit.jupiter.engine.descriptor.ClassBasedTestDescriptor.executeAndMaskThrowable(ClassBasedTestDescriptor.java:342)
	at org.junit.jupiter.engine.descriptor.ClassBasedTestDescriptor.lambda$invokeTestInstancePostProcessors$6(ClassBasedTestDescriptor.java:337)
	at java.base/java.util.stream.ReferencePipeline$3$1.accept(ReferencePipeline.java:195)
	at java.base/java.util.stream.ReferencePipeline$2$1.accept(ReferencePipeline.java:177)
	at java.base/java.util.ArrayList$ArrayListSpliterator.forEachRemaining(ArrayList.java:1655)
	at java.base/java.util.stream.AbstractPipeline.copyInto(AbstractPipeline.java:484)
	at java.base/java.util.stream.AbstractPipeline.wrapAndCopyInto(AbstractPipeline.java:474)
	at java.base/java.util.stream.StreamSpliterators$WrappingSpliterator.forEachRemaining(StreamSpliterators.java:312)
	at java.base/java.util.stream.Streams$ConcatSpliterator.forEachRemaining(Streams.java:735)
	at java.base/java.util.stream.Streams$ConcatSpliterator.forEachRemaining(Streams.java:734)
	at java.base/java.util.stream.ReferencePipeline$Head.forEach(ReferencePipeline.java:658)
	at org.junit.jupiter.engine.descriptor.ClassBasedTestDescriptor.invokeTestInstancePostProcessors(ClassBasedTestDescriptor.java:336)
	at org.junit.jupiter.engine.descriptor.ClassBasedTestDescriptor.instantiateAndPostProcessTestInstance(ClassBasedTestDescriptor.java:259)
	at org.junit.jupiter.engine.descriptor.ClassBasedTestDescriptor.lambda$testInstancesProvider$2(ClassBasedTestDescriptor.java:252)
	at java.base/java.util.Optional.orElseGet(Optional.java:369)
	at org.junit.jupiter.engine.descriptor.ClassBasedTestDescriptor.lambda$testInstancesProvider$3(ClassBasedTestDescriptor.java:251)
	at org.junit.jupiter.engine.execution.TestInstancesProvider.getTestInstances(TestInstancesProvider.java:29)
	at org.junit.jupiter.engine.descriptor.TestMethodTestDescriptor.lambda$prepare$0(TestMethodTestDescriptor.java:106)
	at org.junit.platform.engine.support.hierarchical.ThrowableCollector.execute(ThrowableCollector.java:73)
	at org.junit.jupiter.engine.descriptor.TestMethodTestDescriptor.prepare(TestMethodTestDescriptor.java:105)
	at org.junit.jupiter.engine.descriptor.TestMethodTestDescriptor.prepare(TestMethodTestDescriptor.java:69)
	at org.junit.platform.engine.support.hierarchical.NodeTestTask.lambda$prepare$1(NodeTestTask.java:107)
	at org.junit.platform.engine.support.hierarchical.ThrowableCollector.execute(ThrowableCollector.java:73)
	at org.junit.platform.engine.support.hierarchical.NodeTestTask.prepare(NodeTestTask.java:107)
	at org.junit.platform.engine.support.hierarchical.NodeTestTask.execute(NodeTestTask.java:75)
	at java.base/java.util.ArrayList.forEach(ArrayList.java:1541)
	at org.junit.platform.engine.support.hierarchical.SameThreadHierarchicalTestExecutorService.invokeAll(SameThreadHierarchicalTestExecutorService.java:38)
	at org.junit.platform.engine.support.hierarchical.NodeTestTask.lambda$executeRecursively$5(NodeTestTask.java:139)
	at org.junit.platform.engine.support.hierarchical.ThrowableCollector.execute(ThrowableCollector.java:73)
	at org.junit.platform.engine.support.hierarchical.NodeTestTask.lambda$executeRecursively$7(NodeTestTask.java:125)
	at org.junit.platform.engine.support.hierarchical.Node.around(Node.java:135)
	at org.junit.platform.engine.support.hierarchical.NodeTestTask.lambda$executeRecursively$8(NodeTestTask.java:123)
	at org.junit.platform.engine.support.hierarchical.ThrowableCollector.execute(ThrowableCollector.java:73)
	at org.junit.platform.engine.support.hierarchical.NodeTestTask.executeRecursively(NodeTestTask.java:122)
	at org.junit.platform.engine.support.hierarchical.NodeTestTask.execute(NodeTestTask.java:80)
	at java.base/java.util.ArrayList.forEach(ArrayList.java:1541)
	at org.junit.platform.engine.support.hierarchical.SameThreadHierarchicalTestExecutorService.invokeAll(SameThreadHierarchicalTestExecutorService.java:38)
	at org.junit.platform.engine.support.hierarchical.NodeTestTask.lambda$executeRecursively$5(NodeTestTask.java:139)
	at org.junit.platform.engine.support.hierarchical.ThrowableCollector.execute(ThrowableCollector.java:73)
	at org.junit.platform.engine.support.hierarchical.NodeTestTask.lambda$executeRecursively$7(NodeTestTask.java:125)
	at org.junit.platform.engine.support.hierarchical.Node.around(Node.java:135)
	at org.junit.platform.engine.support.hierarchical.NodeTestTask.lambda$executeRecursively$8(NodeTestTask.java:123)
	at org.junit.platform.engine.support.hierarchical.ThrowableCollector.execute(ThrowableCollector.java:73)
	at org.junit.platform.engine.support.hierarchical.NodeTestTask.executeRecursively(NodeTestTask.java:122)
	at org.junit.platform.engine.support.hierarchical.NodeTestTask.execute(NodeTestTask.java:80)
	at org.junit.platform.engine.support.hierarchical.SameThreadHierarchicalTestExecutorService.submit(SameThreadHierarchicalTestExecutorService.java:32)
	at org.junit.platform.engine.support.hierarchical.HierarchicalTestExecutor.execute(HierarchicalTestExecutor.java:57)
	at org.junit.platform.engine.support.hierarchical.HierarchicalTestEngine.execute(HierarchicalTestEngine.java:51)
	at org.junit.platform.launcher.core.DefaultLauncher.execute(DefaultLauncher.java:170)
	at org.junit.platform.launcher.core.DefaultLauncher.execute(DefaultLauncher.java:154)
	at org.junit.platform.launcher.core.DefaultLauncher.execute(DefaultLauncher.java:90)
	at org.apache.maven.surefire.junitplatform.JUnitPlatformProvider.invokeAllTests(JUnitPlatformProvider.java:142)
	at org.apache.maven.surefire.junitplatform.JUnitPlatformProvider.invoke(JUnitPlatformProvider.java:117)
	at org.apache.maven.surefire.booter.ForkedBooter.invokeProviderInSameClassLoader(ForkedBooter.java:383)
	at org.apache.maven.surefire.booter.ForkedBooter.runSuitesInProcess(ForkedBooter.java:344)
	at org.apache.maven.surefire.booter.ForkedBooter.execute(ForkedBooter.java:125)
	at org.apache.maven.surefire.booter.ForkedBooter.main(ForkedBooter.java:417)
Caused by: java.lang.IllegalStateException: Failed to execute CommandLineRunner
	at org.springframework.boot.SpringApplication.callRunner(SpringApplication.java:787)
	at org.springframework.boot.SpringApplication.callRunners(SpringApplication.java:768)
	at org.springframework.boot.SpringApplication.run(SpringApplication.java:322)
	at org.springframework.boot.test.context.SpringBootContextLoader.loadContext(SpringBootContextLoader.java:126)
	at org.springframework.test.context.cache.DefaultCacheAwareContextLoaderDelegate.loadContextInternal(DefaultCacheAwareContextLoaderDelegate.java:99)
	at org.springframework.test.context.cache.DefaultCacheAwareContextLoaderDelegate.loadContext(DefaultCacheAwareContextLoaderDelegate.java:124)
	... 63 common frames omitted
Caused by: java.lang.NullPointerException: null
	at oms.pc_protector.util.License.getHardwareAddress(License.java:69)
	at oms.pc_protector.util.License.run(License.java:48)
	at org.springframework.boot.SpringApplication.callRunner(SpringApplication.java:784)
	... 68 common frames omitted
INFO  22:13:59.792 [restartedMain StartupInfoLogger.java:55] logStarting - Starting PcProtectorApplication on gimjihoui-iMac.local with PID 11771 (/Users/kimjiho/Desktop/PcProtector_Server/target/classes started by kimjiho in /Users/kimjiho/Desktop/PcProtector_Server)
INFO  22:13:59.794 [restartedMain SpringApplication.java:655] logStartupProfileInfo - The following profiles are active: real-db,local
INFO  22:13:59.839 [restartedMain DeferredLog.java:225] logTo - Devtools property defaults active! Set 'spring.devtools.add-properties' to 'false' to disable
INFO  22:13:59.840 [restartedMain DeferredLog.java:225] logTo - For additional web related logging consider setting the 'logging.level.web' property to 'DEBUG'
INFO  22:14:01.172 [restartedMain TomcatWebServer.java:92] initialize - Tomcat initialized with port(s): 3000 (https)
INFO  22:14:01.183 [restartedMain DirectJDKLog.java:173] log - Initializing ProtocolHandler ["https-jsse-nio-3000"]
INFO  22:14:01.184 [restartedMain DirectJDKLog.java:173] log - Starting service [Tomcat]
INFO  22:14:01.184 [restartedMain DirectJDKLog.java:173] log - Starting Servlet engine: [Apache Tomcat/9.0.37]
INFO  22:14:01.257 [restartedMain DirectJDKLog.java:173] log - Initializing Spring embedded WebApplicationContext
INFO  22:14:01.257 [restartedMain ServletWebServerApplicationContext.java:284] prepareWebApplicationContext - Root WebApplicationContext: initialization completed in 1417 ms
INFO  22:14:01.823 [restartedMain HikariDataSource.java:110] getConnection - HikariPool-1 - Starting...
INFO  22:14:01.868 [restartedMain HikariDataSource.java:123] getConnection - HikariPool-1 - Start completed.
INFO  22:14:01.898 [restartedMain SchedulerService.java:169] cronJobSch - start : 2020-10-22 00:00:00
INFO  22:14:01.898 [restartedMain SchedulerService.java:170] cronJobSch - next_start : 2020-10-23
INFO  22:14:01.899 [restartedMain SchedulerService.java:171] cronJobSch - end : 2020-10-22 23:59:59
INFO  22:14:01.899 [restartedMain SchedulerService.java:172] cronJobSch - next_end : 2020-10-23
INFO  22:14:01.899 [restartedMain SchedulerService.java:173] cronJobSch - now : 2020-10-22 22:14:01
INFO  22:14:01.899 [restartedMain SchedulerService.java:174] cronJobSch - dash_start : 2020-10-22
INFO  22:14:01.900 [restartedMain SchedulerService.java:175] cronJobSch - dash_end : 2020-10-22
INFO  22:14:02.130 [restartedMain DefaultSecurityFilterChain.java:43] <init> - Creating filter chain: any request, [org.springframework.security.web.context.request.async.WebAsyncManagerIntegrationFilter@78484d18, org.springframework.security.web.context.SecurityContextPersistenceFilter@5f1bac0f, org.springframework.security.web.header.HeaderWriterFilter@575001be, org.springframework.web.filter.CorsFilter@32f9a68e, org.springframework.security.web.authentication.logout.LogoutFilter@2b5d5763, oms.pc_protector.jwt.JwtAuthenticationFilter@594568a3, oms.pc_protector.jwt.JwtAuthorizationFilter@1370fa78, org.springframework.security.web.savedrequest.RequestCacheAwareFilter@58b33ff8, org.springframework.security.web.servletapi.SecurityContextHolderAwareRequestFilter@7e9c1e43, org.springframework.security.web.authentication.AnonymousAuthenticationFilter@29ea5583, org.springframework.security.web.session.SessionManagementFilter@2f78a136, org.springframework.security.web.access.ExceptionTranslationFilter@21546edd, org.springframework.security.web.access.intercept.FilterSecurityInterceptor@5f254a02]
INFO  22:14:02.238 [restartedMain ExecutorConfigurationSupport.java:181] initialize - Initializing ExecutorService 'applicationTaskExecutor'
INFO  22:14:02.487 [restartedMain OptionalLiveReloadServer.java:58] startServer - LiveReload server is running on port 35729
INFO  22:14:02.517 [restartedMain ExecutorConfigurationSupport.java:181] initialize - Initializing ExecutorService
INFO  22:14:02.522 [restartedMain DirectJDKLog.java:173] log - Starting ProtocolHandler ["https-jsse-nio-3000"]
INFO  22:14:03.189 [restartedMain TomcatWebServer.java:204] start - Tomcat started on port(s): 3000 (https) with context path ''
INFO  22:14:03.194 [restartedMain StartupInfoLogger.java:61] logStarted - Started PcProtectorApplication in 3.866 seconds (JVM running for 9.855)
